ERROR - 2022-12-26 00:42:05 --> You have an error in your SQL syntax; check the manual that corresponds to your MySQL server version for the right syntax to use near '"W.2.2.%
ORDER BY `ProjValue` DESC' at line 4
CRITICAL - 2022-12-26 00:42:05 --> You have an error in your SQL syntax; check the manual that corresponds to your MySQL server version for the right syntax to use near '"W.2.2.%
ORDER BY `ProjValue` DESC' at line 4
#0 D:\wamp64\www\webppi\system\Database\MySQLi\Connection.php(292): mysqli->query('SELECT *\nFROM `...', 0)
#1 D:\wamp64\www\webppi\system\Database\BaseConnection.php(670): CodeIgniter\Database\MySQLi\Connection->execute('SELECT *\nFROM `...')
#2 D:\wamp64\www\webppi\system\Database\BaseConnection.php(598): CodeIgniter\Database\BaseConnection->simpleQuery('SELECT *\nFROM `...')
#3 D:\wamp64\www\webppi\system\Database\BaseBuilder.php(1455): CodeIgniter\Database\BaseConnection->query('SELECT *\nFROM `...', Array, false)
#4 D:\wamp64\www\webppi\system\Model.php(183): CodeIgniter\Database\BaseBuilder->get()
#5 D:\wamp64\www\webppi\system\BaseModel.php(584): CodeIgniter\Model->doFindAll(0, 0)
#6 D:\wamp64\www\webppi\app\Controllers\Nilairpl.php(147): CodeIgniter\BaseModel->findAll()
#7 D:\wamp64\www\webppi\system\CodeIgniter.php(832): App\Controllers\Nilairpl->profesi('17', '1')
#8 D:\wamp64\www\webppi\system\CodeIgniter.php(419): CodeIgniter\CodeIgniter->runController(Object(App\Controllers\Nilairpl))
#9 D:\wamp64\www\webppi\system\CodeIgniter.php(326): CodeIgniter\CodeIgniter->handleRequest(NULL, Object(Config\Cache), false)
#10 D:\wamp64\www\webppi\public\index.php(37): CodeIgniter\CodeIgniter->run()
#11 {main}
CRITICAL - 2022-12-26 00:43:21 --> Undefined variable: where
#0 D:\wamp64\www\webppi\app\Controllers\Nilairpl.php(147): CodeIgniter\Debug\Exceptions->errorHandler(8, 'Undefined varia...', 'D:\\wamp64\\www\\w...', 147, Array)
#1 D:\wamp64\www\webppi\system\CodeIgniter.php(832): App\Controllers\Nilairpl->profesi('17', '1')
#2 D:\wamp64\www\webppi\system\CodeIgniter.php(419): CodeIgniter\CodeIgniter->runController(Object(App\Controllers\Nilairpl))
#3 D:\wamp64\www\webppi\system\CodeIgniter.php(326): CodeIgniter\CodeIgniter->handleRequest(NULL, Object(Config\Cache), false)
#4 D:\wamp64\www\webppi\public\index.php(37): CodeIgniter\CodeIgniter->run()
#5 {main}
