CRITICAL - 2022-05-26 09:47:14 --> Call to undefined method CodeIgniter\HTTP\RedirectResponse::t0()
#0 D:\wamp64\www\webppi\system\CodeIgniter.php(832): App\Controllers\Home->auth()
#1 D:\wamp64\www\webppi\system\CodeIgniter.php(419): CodeIgniter\CodeIgniter->runController(Object(App\Controllers\Home))
#2 D:\wamp64\www\webppi\system\CodeIgniter.php(326): CodeIgniter\CodeIgniter->handleRequest(NULL, Object(Config\Cache), false)
#3 D:\wamp64\www\webppi\public\index.php(37): CodeIgniter\CodeIgniter->run()
#4 {main}
CRITICAL - 2022-05-26 09:54:33 --> Call to a member function get() on null
#0 D:\wamp64\www\webppi\system\View\View.php(210): include()
#1 D:\wamp64\www\webppi\system\View\View.php(213): CodeIgniter\View\View->CodeIgniter\View\{closure}()
#2 D:\wamp64\www\webppi\system\View\View.php(226): CodeIgniter\View\View->render('maintemp/templa...', Array, true)
#3 D:\wamp64\www\webppi\system\Common.php(1089): CodeIgniter\View\View->render('maintemp/dashbo...', Array, true)
#4 D:\wamp64\www\webppi\app\Controllers\Superadmin.php(21): view('maintemp/dashbo...', Array)
#5 D:\wamp64\www\webppi\system\CodeIgniter.php(832): App\Controllers\Superadmin->index()
#6 D:\wamp64\www\webppi\system\CodeIgniter.php(419): CodeIgniter\CodeIgniter->runController(Object(App\Controllers\Superadmin))
#7 D:\wamp64\www\webppi\system\CodeIgniter.php(326): CodeIgniter\CodeIgniter->handleRequest(NULL, Object(Config\Cache), false)
#8 D:\wamp64\www\webppi\public\index.php(37): CodeIgniter\CodeIgniter->run()
#9 {main}
CRITICAL - 2022-05-26 10:18:30 --> Invalid file: menusuperadmin.php
#0 D:\wamp64\www\webppi\system\View\View.php(198): CodeIgniter\Exceptions\FrameworkException::forInvalidFile('menusuperadmin....')
#1 D:\wamp64\www\webppi\system\View\View.php(424): CodeIgniter\View\View->render('menusuperadmin', NULL, true)
#2 D:\wamp64\www\webppi\app\Views\maintemp\template.php(143): CodeIgniter\View\View->include('menusuperadmin')
#3 D:\wamp64\www\webppi\system\View\View.php(210): include('D:\\wamp64\\www\\w...')
#4 D:\wamp64\www\webppi\system\View\View.php(213): CodeIgniter\View\View->CodeIgniter\View\{closure}()
#5 D:\wamp64\www\webppi\system\View\View.php(226): CodeIgniter\View\View->render('maintemp/templa...', Array, true)
#6 D:\wamp64\www\webppi\system\Common.php(1089): CodeIgniter\View\View->render('maintemp/dashbo...', Array, true)
#7 D:\wamp64\www\webppi\app\Controllers\Superadmin.php(20): view('maintemp/dashbo...', Array)
#8 D:\wamp64\www\webppi\system\CodeIgniter.php(832): App\Controllers\Superadmin->index()
#9 D:\wamp64\www\webppi\system\CodeIgniter.php(419): CodeIgniter\CodeIgniter->runController(Object(App\Controllers\Superadmin))
#10 D:\wamp64\www\webppi\system\CodeIgniter.php(326): CodeIgniter\CodeIgniter->handleRequest(NULL, Object(Config\Cache), false)
#11 D:\wamp64\www\webppi\public\index.php(37): CodeIgniter\CodeIgniter->run()
#12 {main}
CRITICAL - 2022-05-26 10:22:17 --> syntax error, unexpected '<'
#0 D:\wamp64\www\webppi\system\View\View.php(213): CodeIgniter\View\View->CodeIgniter\View\{closure}()
#1 D:\wamp64\www\webppi\system\View\View.php(226): CodeIgniter\View\View->render('maintemp/templa...', Array, true)
#2 D:\wamp64\www\webppi\system\Common.php(1089): CodeIgniter\View\View->render('maintemp/dashbo...', Array, true)
#3 D:\wamp64\www\webppi\app\Controllers\Superadmin.php(20): view('maintemp/dashbo...', Array)
#4 D:\wamp64\www\webppi\system\CodeIgniter.php(832): App\Controllers\Superadmin->index()
#5 D:\wamp64\www\webppi\system\CodeIgniter.php(419): CodeIgniter\CodeIgniter->runController(Object(App\Controllers\Superadmin))
#6 D:\wamp64\www\webppi\system\CodeIgniter.php(326): CodeIgniter\CodeIgniter->handleRequest(NULL, Object(Config\Cache), false)
#7 D:\wamp64\www\webppi\public\index.php(37): CodeIgniter\CodeIgniter->run()
#8 {main}
CRITICAL - 2022-05-26 10:37:13 --> Invalid file: maintemp/menupenilai.php
#0 D:\wamp64\www\webppi\system\View\View.php(198): CodeIgniter\Exceptions\FrameworkException::forInvalidFile('maintemp/menupe...')
#1 D:\wamp64\www\webppi\system\View\View.php(424): CodeIgniter\View\View->render('maintemp/menupe...', NULL, true)
#2 D:\wamp64\www\webppi\app\Views\maintemp\template.php(147): CodeIgniter\View\View->include('maintemp/menupe...')
#3 D:\wamp64\www\webppi\system\View\View.php(210): include('D:\\wamp64\\www\\w...')
#4 D:\wamp64\www\webppi\system\View\View.php(213): CodeIgniter\View\View->CodeIgniter\View\{closure}()
#5 D:\wamp64\www\webppi\system\View\View.php(226): CodeIgniter\View\View->render('maintemp/templa...', Array, true)
#6 D:\wamp64\www\webppi\system\Common.php(1089): CodeIgniter\View\View->render('maintemp/ubahro...', Array, true)
#7 D:\wamp64\www\webppi\app\Controllers\Home.php(107): view('maintemp/ubahro...', Array)
#8 D:\wamp64\www\webppi\system\CodeIgniter.php(832): App\Controllers\Home->ubahrole()
#9 D:\wamp64\www\webppi\system\CodeIgniter.php(419): CodeIgniter\CodeIgniter->runController(Object(App\Controllers\Home))
#10 D:\wamp64\www\webppi\system\CodeIgniter.php(326): CodeIgniter\CodeIgniter->handleRequest(NULL, Object(Config\Cache), false)
#11 D:\wamp64\www\webppi\public\index.php(37): CodeIgniter\CodeIgniter->run()
#12 {main}
CRITICAL - 2022-05-26 10:38:37 --> Invalid file: maintemp/menupenilai.php
#0 D:\wamp64\www\webppi\system\View\View.php(198): CodeIgniter\Exceptions\FrameworkException::forInvalidFile('maintemp/menupe...')
#1 D:\wamp64\www\webppi\system\View\View.php(424): CodeIgniter\View\View->render('maintemp/menupe...', NULL, true)
#2 D:\wamp64\www\webppi\app\Views\maintemp\template.php(147): CodeIgniter\View\View->include('maintemp/menupe...')
#3 D:\wamp64\www\webppi\system\View\View.php(210): include('D:\\wamp64\\www\\w...')
#4 D:\wamp64\www\webppi\system\View\View.php(213): CodeIgniter\View\View->CodeIgniter\View\{closure}()
#5 D:\wamp64\www\webppi\system\View\View.php(226): CodeIgniter\View\View->render('maintemp/templa...', Array, true)
#6 D:\wamp64\www\webppi\system\Common.php(1089): CodeIgniter\View\View->render('maintemp/dashbo...', Array, true)
#7 D:\wamp64\www\webppi\app\Controllers\Myprofile.php(20): view('maintemp/dashbo...', Array)
#8 D:\wamp64\www\webppi\system\CodeIgniter.php(832): App\Controllers\Myprofile->index()
#9 D:\wamp64\www\webppi\system\CodeIgniter.php(419): CodeIgniter\CodeIgniter->runController(Object(App\Controllers\Myprofile))
#10 D:\wamp64\www\webppi\system\CodeIgniter.php(326): CodeIgniter\CodeIgniter->handleRequest(NULL, Object(Config\Cache), false)
#11 D:\wamp64\www\webppi\public\index.php(37): CodeIgniter\CodeIgniter->run()
#12 {main}
CRITICAL - 2022-05-26 10:38:38 --> Invalid file: maintemp/menupenilai.php
#0 D:\wamp64\www\webppi\system\View\View.php(198): CodeIgniter\Exceptions\FrameworkException::forInvalidFile('maintemp/menupe...')
#1 D:\wamp64\www\webppi\system\View\View.php(424): CodeIgniter\View\View->render('maintemp/menupe...', NULL, true)
#2 D:\wamp64\www\webppi\app\Views\maintemp\template.php(147): CodeIgniter\View\View->include('maintemp/menupe...')
#3 D:\wamp64\www\webppi\system\View\View.php(210): include('D:\\wamp64\\www\\w...')
#4 D:\wamp64\www\webppi\system\View\View.php(213): CodeIgniter\View\View->CodeIgniter\View\{closure}()
#5 D:\wamp64\www\webppi\system\View\View.php(226): CodeIgniter\View\View->render('maintemp/templa...', Array, true)
#6 D:\wamp64\www\webppi\system\Common.php(1089): CodeIgniter\View\View->render('maintemp/dashbo...', Array, true)
#7 D:\wamp64\www\webppi\app\Controllers\Superadmin.php(20): view('maintemp/dashbo...', Array)
#8 D:\wamp64\www\webppi\system\CodeIgniter.php(832): App\Controllers\Superadmin->index()
#9 D:\wamp64\www\webppi\system\CodeIgniter.php(419): CodeIgniter\CodeIgniter->runController(Object(App\Controllers\Superadmin))
#10 D:\wamp64\www\webppi\system\CodeIgniter.php(326): CodeIgniter\CodeIgniter->handleRequest(NULL, Object(Config\Cache), false)
#11 D:\wamp64\www\webppi\public\index.php(37): CodeIgniter\CodeIgniter->run()
#12 {main}
CRITICAL - 2022-05-26 10:38:39 --> Invalid file: maintemp/menupenilai.php
#0 D:\wamp64\www\webppi\system\View\View.php(198): CodeIgniter\Exceptions\FrameworkException::forInvalidFile('maintemp/menupe...')
#1 D:\wamp64\www\webppi\system\View\View.php(424): CodeIgniter\View\View->render('maintemp/menupe...', NULL, true)
#2 D:\wamp64\www\webppi\app\Views\maintemp\template.php(147): CodeIgniter\View\View->include('maintemp/menupe...')
#3 D:\wamp64\www\webppi\system\View\View.php(210): include('D:\\wamp64\\www\\w...')
#4 D:\wamp64\www\webppi\system\View\View.php(213): CodeIgniter\View\View->CodeIgniter\View\{closure}()
#5 D:\wamp64\www\webppi\system\View\View.php(226): CodeIgniter\View\View->render('maintemp/templa...', Array, true)
#6 D:\wamp64\www\webppi\system\Common.php(1089): CodeIgniter\View\View->render('maintemp/dashbo...', Array, true)
#7 D:\wamp64\www\webppi\app\Controllers\Myprofile.php(20): view('maintemp/dashbo...', Array)
#8 D:\wamp64\www\webppi\system\CodeIgniter.php(832): App\Controllers\Myprofile->index()
#9 D:\wamp64\www\webppi\system\CodeIgniter.php(419): CodeIgniter\CodeIgniter->runController(Object(App\Controllers\Myprofile))
#10 D:\wamp64\www\webppi\system\CodeIgniter.php(326): CodeIgniter\CodeIgniter->handleRequest(NULL, Object(Config\Cache), false)
#11 D:\wamp64\www\webppi\public\index.php(37): CodeIgniter\CodeIgniter->run()
#12 {main}
CRITICAL - 2022-05-26 11:41:47 --> Invalid file: myprofile/buatprofilevalid.php
#0 D:\wamp64\www\webppi\system\View\View.php(198): CodeIgniter\Exceptions\FrameworkException::forInvalidFile('myprofile/buatp...')
#1 D:\wamp64\www\webppi\system\Common.php(1089): CodeIgniter\View\View->render('myprofile/buatp...', Array, true)
#2 D:\wamp64\www\webppi\app\Controllers\Myprofile.php(314): view('myprofile/buatp...', Array)
#3 D:\wamp64\www\webppi\system\CodeIgniter.php(832): App\Controllers\Myprofile->buatprofileproses()
#4 D:\wamp64\www\webppi\system\CodeIgniter.php(419): CodeIgniter\CodeIgniter->runController(Object(App\Controllers\Myprofile))
#5 D:\wamp64\www\webppi\system\CodeIgniter.php(326): CodeIgniter\CodeIgniter->handleRequest(NULL, Object(Config\Cache), false)
#6 D:\wamp64\www\webppi\public\index.php(37): CodeIgniter\CodeIgniter->run()
#7 {main}
CRITICAL - 2022-05-26 11:45:27 --> Call to a member function getClientExtension() on null
#0 D:\wamp64\www\webppi\system\CodeIgniter.php(832): App\Controllers\Myprofile->buatprofileproses()
#1 D:\wamp64\www\webppi\system\CodeIgniter.php(419): CodeIgniter\CodeIgniter->runController(Object(App\Controllers\Myprofile))
#2 D:\wamp64\www\webppi\system\CodeIgniter.php(326): CodeIgniter\CodeIgniter->handleRequest(NULL, Object(Config\Cache), false)
#3 D:\wamp64\www\webppi\public\index.php(37): CodeIgniter\CodeIgniter->run()
#4 {main}
CRITICAL - 2022-05-26 12:19:03 --> Class 'App\Controllers\UserModel' not found
#0 D:\wamp64\www\webppi\system\CodeIgniter.php(832): App\Controllers\Manuser->index()
#1 D:\wamp64\www\webppi\system\CodeIgniter.php(419): CodeIgniter\CodeIgniter->runController(Object(App\Controllers\Manuser))
#2 D:\wamp64\www\webppi\system\CodeIgniter.php(326): CodeIgniter\CodeIgniter->handleRequest(NULL, Object(Config\Cache), false)
#3 D:\wamp64\www\webppi\public\index.php(37): CodeIgniter\CodeIgniter->run()
#4 {main}
CRITICAL - 2022-05-26 12:19:29 --> syntax error, unexpected '$user' (T_VARIABLE), expecting ')'
#0 D:\wamp64\www\webppi\system\View\View.php(213): CodeIgniter\View\View->CodeIgniter\View\{closure}()
#1 D:\wamp64\www\webppi\system\Common.php(1089): CodeIgniter\View\View->render('maintemp/anggot...', Array, true)
#2 D:\wamp64\www\webppi\app\Controllers\Manuser.php(31): view('maintemp/anggot...', Array)
#3 D:\wamp64\www\webppi\system\CodeIgniter.php(832): App\Controllers\Manuser->index()
#4 D:\wamp64\www\webppi\system\CodeIgniter.php(419): CodeIgniter\CodeIgniter->runController(Object(App\Controllers\Manuser))
#5 D:\wamp64\www\webppi\system\CodeIgniter.php(326): CodeIgniter\CodeIgniter->handleRequest(NULL, Object(Config\Cache), false)
#6 D:\wamp64\www\webppi\public\index.php(37): CodeIgniter\CodeIgniter->run()
#7 {main}
