CRITICAL - 2022-08-11 08:53:22 --> Class 'App\Controllers\Slug' not found
#0 D:\wamp64\www\webppi\system\CodeIgniter.php(832): App\Controllers\Userfair21->ubahrefproses()
#1 D:\wamp64\www\webppi\system\CodeIgniter.php(419): CodeIgniter\CodeIgniter->runController(Object(App\Controllers\Userfair21))
#2 D:\wamp64\www\webppi\system\CodeIgniter.php(326): CodeIgniter\CodeIgniter->handleRequest(NULL, Object(Config\Cache), false)
#3 D:\wamp64\www\webppi\public\index.php(37): CodeIgniter\CodeIgniter->run()
#4 {main}
ERROR - 2022-08-11 09:51:22 --> Unknown column 'GradYear' in 'order clause'
CRITICAL - 2022-08-11 09:51:22 --> Unknown column 'GradYear' in 'order clause'
#0 D:\wamp64\www\webppi\system\Database\MySQLi\Connection.php(292): mysqli->query('SELECT *\nFROM `...', 0)
#1 D:\wamp64\www\webppi\system\Database\BaseConnection.php(670): CodeIgniter\Database\MySQLi\Connection->execute('SELECT *\nFROM `...')
#2 D:\wamp64\www\webppi\system\Database\BaseConnection.php(598): CodeIgniter\Database\BaseConnection->simpleQuery('SELECT *\nFROM `...')
#3 D:\wamp64\www\webppi\system\Database\BaseBuilder.php(1455): CodeIgniter\Database\BaseConnection->query('SELECT *\nFROM `...', Array, false)
#4 D:\wamp64\www\webppi\system\Model.php(183): CodeIgniter\Database\BaseBuilder->get()
#5 D:\wamp64\www\webppi\system\BaseModel.php(584): CodeIgniter\Model->doFindAll(0, 0)
#6 D:\wamp64\www\webppi\app\Controllers\Userfair22.php(27): CodeIgniter\BaseModel->findAll()
#7 D:\wamp64\www\webppi\system\CodeIgniter.php(832): App\Controllers\Userfair22->docs()
#8 D:\wamp64\www\webppi\system\CodeIgniter.php(419): CodeIgniter\CodeIgniter->runController(Object(App\Controllers\Userfair22))
#9 D:\wamp64\www\webppi\system\CodeIgniter.php(326): CodeIgniter\CodeIgniter->handleRequest(NULL, Object(Config\Cache), false)
#10 D:\wamp64\www\webppi\public\index.php(37): CodeIgniter\CodeIgniter->run()
#11 {main}
CRITICAL - 2022-08-11 09:57:21 --> Class 'App\Controllers\EtikRefModel' not found
#0 D:\wamp64\www\webppi\system\CodeIgniter.php(832): App\Controllers\Userfair22->tambahdapat()
#1 D:\wamp64\www\webppi\system\CodeIgniter.php(419): CodeIgniter\CodeIgniter->runController(Object(App\Controllers\Userfair22))
#2 D:\wamp64\www\webppi\system\CodeIgniter.php(326): CodeIgniter\CodeIgniter->handleRequest(NULL, Object(Config\Cache), false)
#3 D:\wamp64\www\webppi\public\index.php(37): CodeIgniter\CodeIgniter->run()
#4 {main}
CRITICAL - 2022-08-11 13:18:31 --> Undefined variable: Universitas Indonesia
#0 D:\wamp64\www\webppi\app\Controllers\Userfair4.php(406): CodeIgniter\Debug\Exceptions->errorHandler(8, 'Undefined varia...', 'D:\\wamp64\\www\\w...', 406, Array)
#1 D:\wamp64\www\webppi\system\CodeIgniter.php(832): App\Controllers\Userfair4->ubahajarproses()
#2 D:\wamp64\www\webppi\system\CodeIgniter.php(419): CodeIgniter\CodeIgniter->runController(Object(App\Controllers\Userfair4))
#3 D:\wamp64\www\webppi\system\CodeIgniter.php(326): CodeIgniter\CodeIgniter->handleRequest(NULL, Object(Config\Cache), false)
#4 D:\wamp64\www\webppi\public\index.php(37): CodeIgniter\CodeIgniter->run()
#5 {main}
CRITICAL - 2022-08-11 13:18:54 --> Undefined variable: filename
#0 D:\wamp64\www\webppi\app\Controllers\Userfair4.php(422): CodeIgniter\Debug\Exceptions->errorHandler(8, 'Undefined varia...', 'D:\\wamp64\\www\\w...', 422, Array)
#1 D:\wamp64\www\webppi\system\CodeIgniter.php(832): App\Controllers\Userfair4->ubahajarproses()
#2 D:\wamp64\www\webppi\system\CodeIgniter.php(419): CodeIgniter\CodeIgniter->runController(Object(App\Controllers\Userfair4))
#3 D:\wamp64\www\webppi\system\CodeIgniter.php(326): CodeIgniter\CodeIgniter->handleRequest(NULL, Object(Config\Cache), false)
#4 D:\wamp64\www\webppi\public\index.php(37): CodeIgniter\CodeIgniter->run()
#5 {main}
CRITICAL - 2022-08-11 13:20:02 --> Undefined variable: filename
#0 D:\wamp64\www\webppi\app\Controllers\Userfair4.php(422): CodeIgniter\Debug\Exceptions->errorHandler(8, 'Undefined varia...', 'D:\\wamp64\\www\\w...', 422, Array)
#1 D:\wamp64\www\webppi\system\CodeIgniter.php(832): App\Controllers\Userfair4->ubahajarproses()
#2 D:\wamp64\www\webppi\system\CodeIgniter.php(419): CodeIgniter\CodeIgniter->runController(Object(App\Controllers\Userfair4))
#3 D:\wamp64\www\webppi\system\CodeIgniter.php(326): CodeIgniter\CodeIgniter->handleRequest(NULL, Object(Config\Cache), false)
#4 D:\wamp64\www\webppi\public\index.php(37): CodeIgniter\CodeIgniter->run()
#5 {main}
CRITICAL - 2022-08-11 20:47:00 --> Undefined variable: namamk
#0 D:\wamp64\www\webppi\app\Controllers\Userfair4.php(411): CodeIgniter\Debug\Exceptions->errorHandler(8, 'Undefined varia...', 'D:\\wamp64\\www\\w...', 411, Array)
#1 D:\wamp64\www\webppi\system\CodeIgniter.php(832): App\Controllers\Userfair4->ubahajarproses()
#2 D:\wamp64\www\webppi\system\CodeIgniter.php(419): CodeIgniter\CodeIgniter->runController(Object(App\Controllers\Userfair4))
#3 D:\wamp64\www\webppi\system\CodeIgniter.php(326): CodeIgniter\CodeIgniter->handleRequest(NULL, Object(Config\Cache), false)
#4 D:\wamp64\www\webppi\public\index.php(37): CodeIgniter\CodeIgniter->run()
#5 {main}
CRITICAL - 2022-08-11 21:24:46 --> Undefined variable: capeslogged_in
#0 D:\wamp64\www\webppi\app\Views\register\template.php(67): CodeIgniter\Debug\Exceptions->errorHandler(8, 'Undefined varia...', 'D:\\wamp64\\www\\w...', 67, Array)
#1 D:\wamp64\www\webppi\system\View\View.php(210): include('D:\\wamp64\\www\\w...')
#2 D:\wamp64\www\webppi\system\View\View.php(213): CodeIgniter\View\View->CodeIgniter\View\{closure}()
#3 D:\wamp64\www\webppi\system\View\View.php(226): CodeIgniter\View\View->render('register/templa...', Array, true)
#4 D:\wamp64\www\webppi\system\Common.php(1089): CodeIgniter\View\View->render('register/tambah...', Array, true)
#5 D:\wamp64\www\webppi\app\Controllers\Userfair51.php(202): view('register/tambah...', Array)
#6 D:\wamp64\www\webppi\system\CodeIgniter.php(832): App\Controllers\Userfair51->tambahkartulproses()
#7 D:\wamp64\www\webppi\system\CodeIgniter.php(419): CodeIgniter\CodeIgniter->runController(Object(App\Controllers\Userfair51))
#8 D:\wamp64\www\webppi\system\CodeIgniter.php(326): CodeIgniter\CodeIgniter->handleRequest(NULL, Object(Config\Cache), false)
#9 D:\wamp64\www\webppi\public\index.php(37): CodeIgniter\CodeIgniter->run()
#10 {main}
