ERROR - 2022-09-07 02:11:37 --> Unknown column 'nilai_w1' in 'field list'
CRITICAL - 2022-09-07 02:11:37 --> Unknown column 'nilai_w1' in 'field list'
#0 D:\wamp64\www\webppi\system\Database\MySQLi\Connection.php(292): mysqli->query('SELECT SUM(`nil...', 0)
#1 D:\wamp64\www\webppi\system\Database\BaseConnection.php(670): CodeIgniter\Database\MySQLi\Connection->execute('SELECT SUM(`nil...')
#2 D:\wamp64\www\webppi\system\Database\BaseConnection.php(598): CodeIgniter\Database\BaseConnection->simpleQuery('SELECT SUM(`nil...')
#3 D:\wamp64\www\webppi\system\Database\BaseBuilder.php(1455): CodeIgniter\Database\BaseConnection->query('SELECT SUM(`nil...', Array, false)
#4 D:\wamp64\www\webppi\system\Model.php(728): CodeIgniter\Database\BaseBuilder->get()
#5 D:\wamp64\www\webppi\app\Controllers\Userfairrekap.php(50): CodeIgniter\Model->__call('get', Array)
#6 D:\wamp64\www\webppi\system\CodeIgniter.php(832): App\Controllers\Userfairrekap->docs()
#7 D:\wamp64\www\webppi\system\CodeIgniter.php(419): CodeIgniter\CodeIgniter->runController(Object(App\Controllers\Userfairrekap))
#8 D:\wamp64\www\webppi\system\CodeIgniter.php(326): CodeIgniter\CodeIgniter->handleRequest(NULL, Object(Config\Cache), false)
#9 D:\wamp64\www\webppi\public\index.php(37): CodeIgniter\CodeIgniter->run()
#10 {main}
ERROR - 2022-09-07 02:13:17 --> Unknown column 'nilai_w1' in 'field list'
CRITICAL - 2022-09-07 02:13:17 --> Unknown column 'nilai_w1' in 'field list'
#0 D:\wamp64\www\webppi\system\Database\MySQLi\Connection.php(292): mysqli->query('SELECT SUM(`nil...', 0)
#1 D:\wamp64\www\webppi\system\Database\BaseConnection.php(670): CodeIgniter\Database\MySQLi\Connection->execute('SELECT SUM(`nil...')
#2 D:\wamp64\www\webppi\system\Database\BaseConnection.php(598): CodeIgniter\Database\BaseConnection->simpleQuery('SELECT SUM(`nil...')
#3 D:\wamp64\www\webppi\system\Database\BaseBuilder.php(1455): CodeIgniter\Database\BaseConnection->query('SELECT SUM(`nil...', Array, false)
#4 D:\wamp64\www\webppi\system\Model.php(728): CodeIgniter\Database\BaseBuilder->get()
#5 D:\wamp64\www\webppi\app\Controllers\Userfairrekap.php(50): CodeIgniter\Model->__call('get', Array)
#6 D:\wamp64\www\webppi\system\CodeIgniter.php(832): App\Controllers\Userfairrekap->docs()
#7 D:\wamp64\www\webppi\system\CodeIgniter.php(419): CodeIgniter\CodeIgniter->runController(Object(App\Controllers\Userfairrekap))
#8 D:\wamp64\www\webppi\system\CodeIgniter.php(326): CodeIgniter\CodeIgniter->handleRequest(NULL, Object(Config\Cache), false)
#9 D:\wamp64\www\webppi\public\index.php(37): CodeIgniter\CodeIgniter->run()
#10 {main}
ERROR - 2022-09-07 02:13:32 --> Unknown column 'nilai_w1' in 'field list'
CRITICAL - 2022-09-07 02:13:32 --> Unknown column 'nilai_w1' in 'field list'
#0 D:\wamp64\www\webppi\system\Database\MySQLi\Connection.php(292): mysqli->query('SELECT SUM(`nil...', 0)
#1 D:\wamp64\www\webppi\system\Database\BaseConnection.php(670): CodeIgniter\Database\MySQLi\Connection->execute('SELECT SUM(`nil...')
#2 D:\wamp64\www\webppi\system\Database\BaseConnection.php(598): CodeIgniter\Database\BaseConnection->simpleQuery('SELECT SUM(`nil...')
#3 D:\wamp64\www\webppi\system\Database\BaseBuilder.php(1455): CodeIgniter\Database\BaseConnection->query('SELECT SUM(`nil...', Array, false)
#4 D:\wamp64\www\webppi\system\Model.php(728): CodeIgniter\Database\BaseBuilder->get()
#5 D:\wamp64\www\webppi\app\Controllers\Userfairrekap.php(50): CodeIgniter\Model->__call('get', Array)
#6 D:\wamp64\www\webppi\system\CodeIgniter.php(832): App\Controllers\Userfairrekap->docs()
#7 D:\wamp64\www\webppi\system\CodeIgniter.php(419): CodeIgniter\CodeIgniter->runController(Object(App\Controllers\Userfairrekap))
#8 D:\wamp64\www\webppi\system\CodeIgniter.php(326): CodeIgniter\CodeIgniter->handleRequest(NULL, Object(Config\Cache), false)
#9 D:\wamp64\www\webppi\public\index.php(37): CodeIgniter\CodeIgniter->run()
#10 {main}
ERROR - 2022-09-07 02:15:22 --> Unknown column 'nilai_w1' in 'field list'
CRITICAL - 2022-09-07 02:15:22 --> Unknown column 'nilai_w1' in 'field list'
#0 D:\wamp64\www\webppi\system\Database\MySQLi\Connection.php(292): mysqli->query('SELECT sum(nila...', 0)
#1 D:\wamp64\www\webppi\system\Database\BaseConnection.php(670): CodeIgniter\Database\MySQLi\Connection->execute('SELECT sum(nila...')
#2 D:\wamp64\www\webppi\system\Database\BaseConnection.php(598): CodeIgniter\Database\BaseConnection->simpleQuery('SELECT sum(nila...')
#3 D:\wamp64\www\webppi\system\Database\BaseBuilder.php(1455): CodeIgniter\Database\BaseConnection->query('SELECT sum(nila...', Array, false)
#4 D:\wamp64\www\webppi\system\Model.php(210): CodeIgniter\Database\BaseBuilder->get()
#5 D:\wamp64\www\webppi\system\BaseModel.php(622): CodeIgniter\Model->doFirst()
#6 D:\wamp64\www\webppi\app\Controllers\Userfairrekap.php(50): CodeIgniter\BaseModel->first()
#7 D:\wamp64\www\webppi\system\CodeIgniter.php(832): App\Controllers\Userfairrekap->docs()
#8 D:\wamp64\www\webppi\system\CodeIgniter.php(419): CodeIgniter\CodeIgniter->runController(Object(App\Controllers\Userfairrekap))
#9 D:\wamp64\www\webppi\system\CodeIgniter.php(326): CodeIgniter\CodeIgniter->handleRequest(NULL, Object(Config\Cache), false)
#10 D:\wamp64\www\webppi\public\index.php(37): CodeIgniter\CodeIgniter->run()
#11 {main}
ERROR - 2022-09-07 02:16:03 --> Unknown column 'nilai_w1' in 'field list'
CRITICAL - 2022-09-07 02:16:03 --> Unknown column 'nilai_w1' in 'field list'
#0 D:\wamp64\www\webppi\system\Database\MySQLi\Connection.php(292): mysqli->query('SELECT sum(nila...', 0)
#1 D:\wamp64\www\webppi\system\Database\BaseConnection.php(670): CodeIgniter\Database\MySQLi\Connection->execute('SELECT sum(nila...')
#2 D:\wamp64\www\webppi\system\Database\BaseConnection.php(598): CodeIgniter\Database\BaseConnection->simpleQuery('SELECT sum(nila...')
#3 D:\wamp64\www\webppi\system\Database\BaseBuilder.php(1455): CodeIgniter\Database\BaseConnection->query('SELECT sum(nila...', Array, false)
#4 D:\wamp64\www\webppi\system\Model.php(728): CodeIgniter\Database\BaseBuilder->get()
#5 D:\wamp64\www\webppi\app\Controllers\Userfairrekap.php(50): CodeIgniter\Model->__call('get', Array)
#6 D:\wamp64\www\webppi\system\CodeIgniter.php(832): App\Controllers\Userfairrekap->docs()
#7 D:\wamp64\www\webppi\system\CodeIgniter.php(419): CodeIgniter\CodeIgniter->runController(Object(App\Controllers\Userfairrekap))
#8 D:\wamp64\www\webppi\system\CodeIgniter.php(326): CodeIgniter\CodeIgniter->handleRequest(NULL, Object(Config\Cache), false)
#9 D:\wamp64\www\webppi\public\index.php(37): CodeIgniter\CodeIgniter->run()
#10 {main}
ERROR - 2022-09-07 02:16:55 --> Unknown column 'tbl_organisasi.nilai_w2' in 'field list'
CRITICAL - 2022-09-07 02:16:55 --> Unknown column 'tbl_organisasi.nilai_w2' in 'field list'
#0 D:\wamp64\www\webppi\system\Database\MySQLi\Connection.php(292): mysqli->query('SELECT sum(tbl_...', 0)
#1 D:\wamp64\www\webppi\system\Database\BaseConnection.php(670): CodeIgniter\Database\MySQLi\Connection->execute('SELECT sum(tbl_...')
#2 D:\wamp64\www\webppi\system\Database\BaseConnection.php(598): CodeIgniter\Database\BaseConnection->simpleQuery('SELECT sum(tbl_...')
#3 D:\wamp64\www\webppi\system\Database\BaseBuilder.php(1455): CodeIgniter\Database\BaseConnection->query('SELECT sum(tbl_...', Array, false)
#4 D:\wamp64\www\webppi\system\Model.php(728): CodeIgniter\Database\BaseBuilder->get()
#5 D:\wamp64\www\webppi\app\Controllers\Userfairrekap.php(50): CodeIgniter\Model->__call('get', Array)
#6 D:\wamp64\www\webppi\system\CodeIgniter.php(832): App\Controllers\Userfairrekap->docs()
#7 D:\wamp64\www\webppi\system\CodeIgniter.php(419): CodeIgniter\CodeIgniter->runController(Object(App\Controllers\Userfairrekap))
#8 D:\wamp64\www\webppi\system\CodeIgniter.php(326): CodeIgniter\CodeIgniter->handleRequest(NULL, Object(Config\Cache), false)
#9 D:\wamp64\www\webppi\public\index.php(37): CodeIgniter\CodeIgniter->run()
#10 {main}
CRITICAL - 2022-09-07 02:53:04 --> Undefined variable: total
#0 D:\wamp64\www\webppi\app\Controllers\Userfairrekap.php(75): CodeIgniter\Debug\Exceptions->errorHandler(8, 'Undefined varia...', 'D:\\wamp64\\www\\w...', 75, Array)
#1 D:\wamp64\www\webppi\system\CodeIgniter.php(832): App\Controllers\Userfairrekap->docs()
#2 D:\wamp64\www\webppi\system\CodeIgniter.php(419): CodeIgniter\CodeIgniter->runController(Object(App\Controllers\Userfairrekap))
#3 D:\wamp64\www\webppi\system\CodeIgniter.php(326): CodeIgniter\CodeIgniter->handleRequest(NULL, Object(Config\Cache), false)
#4 D:\wamp64\www\webppi\public\index.php(37): CodeIgniter\CodeIgniter->run()
#5 {main}
