ERROR - 2022-12-13 07:07:43 --> Unknown column 'tbl_tugasakhir.dosen_id' in 'on clause'
CRITICAL - 2022-12-13 07:07:43 --> Unknown column 'tbl_tugasakhir.dosen_id' in 'on clause'
#0 D:\wamp64\www\webppi\system\Database\MySQLi\Connection.php(292): mysqli->query('SELECT *\nFROM `...', 0)
#1 D:\wamp64\www\webppi\system\Database\BaseConnection.php(670): CodeIgniter\Database\MySQLi\Connection->execute('SELECT *\nFROM `...')
#2 D:\wamp64\www\webppi\system\Database\BaseConnection.php(598): CodeIgniter\Database\BaseConnection->simpleQuery('SELECT *\nFROM `...')
#3 D:\wamp64\www\webppi\system\Database\BaseBuilder.php(1455): CodeIgniter\Database\BaseConnection->query('SELECT *\nFROM `...', Array, false)
#4 D:\wamp64\www\webppi\system\Model.php(183): CodeIgniter\Database\BaseBuilder->get()
#5 D:\wamp64\www\webppi\system\BaseModel.php(584): CodeIgniter\Model->doFindAll(0, 0)
#6 D:\wamp64\www\webppi\app\Controllers\Mantugasakhir.php(443): CodeIgniter\BaseModel->findAll()
#7 D:\wamp64\www\webppi\system\CodeIgniter.php(832): App\Controllers\Mantugasakhir->daftarhadir('4', '3')
#8 D:\wamp64\www\webppi\system\CodeIgniter.php(419): CodeIgniter\CodeIgniter->runController(Object(App\Controllers\Mantugasakhir))
#9 D:\wamp64\www\webppi\system\CodeIgniter.php(326): CodeIgniter\CodeIgniter->handleRequest(NULL, Object(Config\Cache), false)
#10 D:\wamp64\www\webppi\public\index.php(37): CodeIgniter\CodeIgniter->run()
#11 {main}
CRITICAL - 2022-12-13 13:19:25 --> Undefined variable: namapembimbing
#0 D:\wamp64\www\webppi\app\Views\maintemp\beritaacara.php(227): CodeIgniter\Debug\Exceptions->errorHandler(8, 'Undefined varia...', 'D:\\wamp64\\www\\w...', 227, Array)
#1 D:\wamp64\www\webppi\system\View\View.php(210): include('D:\\wamp64\\www\\w...')
#2 D:\wamp64\www\webppi\system\View\View.php(213): CodeIgniter\View\View->CodeIgniter\View\{closure}()
#3 D:\wamp64\www\webppi\system\Common.php(1089): CodeIgniter\View\View->render('maintemp/berita...', Array, true)
#4 D:\wamp64\www\webppi\app\Controllers\Mantugasakhir.php(501): view('maintemp/berita...', Array)
#5 D:\wamp64\www\webppi\system\CodeIgniter.php(832): App\Controllers\Mantugasakhir->beritaacara('4', '4')
#6 D:\wamp64\www\webppi\system\CodeIgniter.php(419): CodeIgniter\CodeIgniter->runController(Object(App\Controllers\Mantugasakhir))
#7 D:\wamp64\www\webppi\system\CodeIgniter.php(326): CodeIgniter\CodeIgniter->handleRequest(NULL, Object(Config\Cache), false)
#8 D:\wamp64\www\webppi\public\index.php(37): CodeIgniter\CodeIgniter->run()
#9 {main}
CRITICAL - 2022-12-13 15:37:15 --> Array to string conversion
#0 D:\wamp64\www\webppi\app\Views\maintemp\profesi.php(5): CodeIgniter\Debug\Exceptions->errorHandler(8, 'Array to string...', 'D:\\wamp64\\www\\w...', 5, Array)
#1 D:\wamp64\www\webppi\system\View\View.php(210): include('D:\\wamp64\\www\\w...')
#2 D:\wamp64\www\webppi\system\View\View.php(213): CodeIgniter\View\View->CodeIgniter\View\{closure}()
#3 D:\wamp64\www\webppi\system\Common.php(1089): CodeIgniter\View\View->render('maintemp/profes...', Array, true)
#4 D:\wamp64\www\webppi\app\Controllers\Nilairpl.php(188): view('maintemp/profes...', Array)
#5 D:\wamp64\www\webppi\system\CodeIgniter.php(832): App\Controllers\Nilairpl->profesi('17', '1')
#6 D:\wamp64\www\webppi\system\CodeIgniter.php(419): CodeIgniter\CodeIgniter->runController(Object(App\Controllers\Nilairpl))
#7 D:\wamp64\www\webppi\system\CodeIgniter.php(326): CodeIgniter\CodeIgniter->handleRequest(NULL, Object(Config\Cache), false)
#8 D:\wamp64\www\webppi\public\index.php(37): CodeIgniter\CodeIgniter->run()
#9 {main}
CRITICAL - 2022-12-13 21:59:42 --> Invalid argument supplied for foreach()
#0 D:\wamp64\www\webppi\app\Views\maintemp\profesi.php(1220): CodeIgniter\Debug\Exceptions->errorHandler(2, 'Invalid argumen...', 'D:\\wamp64\\www\\w...', 1220, Array)
#1 D:\wamp64\www\webppi\system\View\View.php(210): include('D:\\wamp64\\www\\w...')
#2 D:\wamp64\www\webppi\system\View\View.php(213): CodeIgniter\View\View->CodeIgniter\View\{closure}()
#3 D:\wamp64\www\webppi\system\Common.php(1089): CodeIgniter\View\View->render('maintemp/profes...', Array, true)
#4 D:\wamp64\www\webppi\app\Controllers\Nilairpl.php(228): view('maintemp/profes...', Array)
#5 D:\wamp64\www\webppi\system\CodeIgniter.php(832): App\Controllers\Nilairpl->profesi('4', '1')
#6 D:\wamp64\www\webppi\system\CodeIgniter.php(419): CodeIgniter\CodeIgniter->runController(Object(App\Controllers\Nilairpl))
#7 D:\wamp64\www\webppi\system\CodeIgniter.php(326): CodeIgniter\CodeIgniter->handleRequest(NULL, Object(Config\Cache), false)
#8 D:\wamp64\www\webppi\public\index.php(37): CodeIgniter\CodeIgniter->run()
#9 {main}
CRITICAL - 2022-12-13 21:59:56 --> Invalid argument supplied for foreach()
#0 D:\wamp64\www\webppi\app\Views\maintemp\profesi.php(1220): CodeIgniter\Debug\Exceptions->errorHandler(2, 'Invalid argumen...', 'D:\\wamp64\\www\\w...', 1220, Array)
#1 D:\wamp64\www\webppi\system\View\View.php(210): include('D:\\wamp64\\www\\w...')
#2 D:\wamp64\www\webppi\system\View\View.php(213): CodeIgniter\View\View->CodeIgniter\View\{closure}()
#3 D:\wamp64\www\webppi\system\Common.php(1089): CodeIgniter\View\View->render('maintemp/profes...', Array, true)
#4 D:\wamp64\www\webppi\app\Controllers\Nilairpl.php(228): view('maintemp/profes...', Array)
#5 D:\wamp64\www\webppi\system\CodeIgniter.php(832): App\Controllers\Nilairpl->profesi('4', '1')
#6 D:\wamp64\www\webppi\system\CodeIgniter.php(419): CodeIgniter\CodeIgniter->runController(Object(App\Controllers\Nilairpl))
#7 D:\wamp64\www\webppi\system\CodeIgniter.php(326): CodeIgniter\CodeIgniter->handleRequest(NULL, Object(Config\Cache), false)
#8 D:\wamp64\www\webppi\public\index.php(37): CodeIgniter\CodeIgniter->run()
#9 {main}
CRITICAL - 2022-12-13 22:09:37 --> Invalid argument supplied for foreach()
#0 D:\wamp64\www\webppi\app\Views\maintemp\studikasus.php(1220): CodeIgniter\Debug\Exceptions->errorHandler(2, 'Invalid argumen...', 'D:\\wamp64\\www\\w...', 1220, Array)
#1 D:\wamp64\www\webppi\system\View\View.php(210): include('D:\\wamp64\\www\\w...')
#2 D:\wamp64\www\webppi\system\View\View.php(213): CodeIgniter\View\View->CodeIgniter\View\{closure}()
#3 D:\wamp64\www\webppi\system\Common.php(1089): CodeIgniter\View\View->render('maintemp/studik...', Array, true)
#4 D:\wamp64\www\webppi\app\Controllers\Nilairpl.php(511): view('maintemp/studik...', Array)
#5 D:\wamp64\www\webppi\system\CodeIgniter.php(832): App\Controllers\Nilairpl->studikasus('4', '1')
#6 D:\wamp64\www\webppi\system\CodeIgniter.php(419): CodeIgniter\CodeIgniter->runController(Object(App\Controllers\Nilairpl))
#7 D:\wamp64\www\webppi\system\CodeIgniter.php(326): CodeIgniter\CodeIgniter->handleRequest(NULL, Object(Config\Cache), false)
#8 D:\wamp64\www\webppi\public\index.php(37): CodeIgniter\CodeIgniter->run()
#9 {main}
CRITICAL - 2022-12-13 22:10:09 --> Invalid argument supplied for foreach()
#0 D:\wamp64\www\webppi\app\Views\maintemp\seminar.php(1220): CodeIgniter\Debug\Exceptions->errorHandler(2, 'Invalid argumen...', 'D:\\wamp64\\www\\w...', 1220, Array)
#1 D:\wamp64\www\webppi\system\View\View.php(210): include('D:\\wamp64\\www\\w...')
#2 D:\wamp64\www\webppi\system\View\View.php(213): CodeIgniter\View\View->CodeIgniter\View\{closure}()
#3 D:\wamp64\www\webppi\system\Common.php(1089): CodeIgniter\View\View->render('maintemp/semina...', Array, true)
#4 D:\wamp64\www\webppi\app\Controllers\Nilairpl.php(403): view('maintemp/semina...', Array)
#5 D:\wamp64\www\webppi\system\CodeIgniter.php(832): App\Controllers\Nilairpl->seminar('4', '1')
#6 D:\wamp64\www\webppi\system\CodeIgniter.php(419): CodeIgniter\CodeIgniter->runController(Object(App\Controllers\Nilairpl))
#7 D:\wamp64\www\webppi\system\CodeIgniter.php(326): CodeIgniter\CodeIgniter->handleRequest(NULL, Object(Config\Cache), false)
#8 D:\wamp64\www\webppi\public\index.php(37): CodeIgniter\CodeIgniter->run()
#9 {main}
CRITICAL - 2022-12-13 23:03:33 --> Undefined variable: kerja
#0 D:\wamp64\www\webppi\app\Views\maintemp\seminar.php(642): CodeIgniter\Debug\Exceptions->errorHandler(8, 'Undefined varia...', 'D:\\wamp64\\www\\w...', 642, Array)
#1 D:\wamp64\www\webppi\system\View\View.php(210): include('D:\\wamp64\\www\\w...')
#2 D:\wamp64\www\webppi\system\View\View.php(213): CodeIgniter\View\View->CodeIgniter\View\{closure}()
#3 D:\wamp64\www\webppi\system\Common.php(1089): CodeIgniter\View\View->render('maintemp/semina...', Array, true)
#4 D:\wamp64\www\webppi\app\Controllers\Nilairpl.php(374): view('maintemp/semina...', Array)
#5 D:\wamp64\www\webppi\system\CodeIgniter.php(832): App\Controllers\Nilairpl->seminar('17', '1')
#6 D:\wamp64\www\webppi\system\CodeIgniter.php(419): CodeIgniter\CodeIgniter->runController(Object(App\Controllers\Nilairpl))
#7 D:\wamp64\www\webppi\system\CodeIgniter.php(326): CodeIgniter\CodeIgniter->handleRequest(NULL, Object(Config\Cache), false)
#8 D:\wamp64\www\webppi\public\index.php(37): CodeIgniter\CodeIgniter->run()
#9 {main}
