CRITICAL - 2023-04-10 16:44:01 --> Invalid file: /home.php
#0 D:\wamp64\www\webppi\system\View\View.php(198): CodeIgniter\Exceptions\FrameworkException::forInvalidFile('/home.php')
#1 D:\wamp64\www\webppi\system\Common.php(1089): CodeIgniter\View\View->render('/home', Array, true)
#2 D:\wamp64\www\webppi\app\Controllers\Home.php(110): view('/home', Array)
#3 D:\wamp64\www\webppi\system\CodeIgniter.php(832): App\Controllers\Home->auth()
#4 D:\wamp64\www\webppi\system\CodeIgniter.php(419): CodeIgniter\CodeIgniter->runController(Object(App\Controllers\Home))
#5 D:\wamp64\www\webppi\system\CodeIgniter.php(326): CodeIgniter\CodeIgniter->handleRequest(NULL, Object(Config\Cache), false)
#6 D:\wamp64\www\webppi\public\index.php(37): CodeIgniter\CodeIgniter->run()
#7 {main}
CRITICAL - 2023-04-10 16:45:30 --> Invalid file: /home.php
#0 D:\wamp64\www\webppi\system\View\View.php(198): CodeIgniter\Exceptions\FrameworkException::forInvalidFile('/home.php')
#1 D:\wamp64\www\webppi\system\Common.php(1089): CodeIgniter\View\View->render('/home', Array, true)
#2 D:\wamp64\www\webppi\app\Controllers\Home.php(110): view('/home', Array)
#3 D:\wamp64\www\webppi\system\CodeIgniter.php(832): App\Controllers\Home->auth()
#4 D:\wamp64\www\webppi\system\CodeIgniter.php(419): CodeIgniter\CodeIgniter->runController(Object(App\Controllers\Home))
#5 D:\wamp64\www\webppi\system\CodeIgniter.php(326): CodeIgniter\CodeIgniter->handleRequest(NULL, Object(Config\Cache), false)
#6 D:\wamp64\www\webppi\public\index.php(37): CodeIgniter\CodeIgniter->run()
#7 {main}
CRITICAL - 2023-04-10 22:51:22 --> Undefined index: sem_semester
#0 D:\wamp64\www\webppi\app\Views\maintemp\semreg.php(44): CodeIgniter\Debug\Exceptions->errorHandler(8, 'Undefined index...', 'D:\\wamp64\\www\\w...', 44, Array)
#1 D:\wamp64\www\webppi\system\View\View.php(210): include('D:\\wamp64\\www\\w...')
#2 D:\wamp64\www\webppi\system\View\View.php(213): CodeIgniter\View\View->CodeIgniter\View\{closure}()
#3 D:\wamp64\www\webppi\system\Common.php(1089): CodeIgniter\View\View->render('maintemp/semreg', Array, true)
#4 D:\wamp64\www\webppi\app\Controllers\Mansemreg.php(47): view('maintemp/semreg', Array)
#5 D:\wamp64\www\webppi\system\CodeIgniter.php(832): App\Controllers\Mansemreg->index()
#6 D:\wamp64\www\webppi\system\CodeIgniter.php(419): CodeIgniter\CodeIgniter->runController(Object(App\Controllers\Mansemreg))
#7 D:\wamp64\www\webppi\system\CodeIgniter.php(326): CodeIgniter\CodeIgniter->handleRequest(NULL, Object(Config\Cache), false)
#8 D:\wamp64\www\webppi\public\index.php(37): CodeIgniter\CodeIgniter->run()
#9 {main}
CRITICAL - 2023-04-10 22:51:39 --> Undefined variable: logged_in
#0 D:\wamp64\www\webppi\app\Views\maintemp\template.php(161): CodeIgniter\Debug\Exceptions->errorHandler(8, 'Undefined varia...', 'D:\\wamp64\\www\\w...', 161, Array)
#1 D:\wamp64\www\webppi\system\View\View.php(210): include('D:\\wamp64\\www\\w...')
#2 D:\wamp64\www\webppi\system\View\View.php(213): CodeIgniter\View\View->CodeIgniter\View\{closure}()
#3 D:\wamp64\www\webppi\system\View\View.php(226): CodeIgniter\View\View->render('maintemp/templa...', Array, true)
#4 D:\wamp64\www\webppi\system\Common.php(1089): CodeIgniter\View\View->render('maintemp/semreg', Array, true)
#5 D:\wamp64\www\webppi\app\Controllers\Mansemreg.php(47): view('maintemp/semreg', Array)
#6 D:\wamp64\www\webppi\system\CodeIgniter.php(832): App\Controllers\Mansemreg->index()
#7 D:\wamp64\www\webppi\system\CodeIgniter.php(419): CodeIgniter\CodeIgniter->runController(Object(App\Controllers\Mansemreg))
#8 D:\wamp64\www\webppi\system\CodeIgniter.php(326): CodeIgniter\CodeIgniter->handleRequest(NULL, Object(Config\Cache), false)
#9 D:\wamp64\www\webppi\public\index.php(37): CodeIgniter\CodeIgniter->run()
#10 {main}
