CRITICAL - 2022-11-23 03:54:38 --> Call to undefined function App\Controllers\format_tanggal()
#0 D:\wamp64\www\webppi\system\CodeIgniter.php(832): App\Controllers\Manbimbing->lihatformevaluasi('4', '1', '4')
#1 D:\wamp64\www\webppi\system\CodeIgniter.php(419): CodeIgniter\CodeIgniter->runController(Object(App\Controllers\Manbimbing))
#2 D:\wamp64\www\webppi\system\CodeIgniter.php(326): CodeIgniter\CodeIgniter->handleRequest(NULL, Object(Config\Cache), false)
#3 D:\wamp64\www\webppi\public\index.php(37): CodeIgniter\CodeIgniter->run()
#4 {main}
CRITICAL - 2022-11-23 10:15:36 --> Undefined offset: -1
#0 D:\wamp64\www\webppi\app\Helpers\tanggal_helper.php(18): CodeIgniter\Debug\Exceptions->errorHandler(8, 'Undefined offse...', 'D:\\wamp64\\www\\w...', 18, Array)
#1 D:\wamp64\www\webppi\app\Controllers\Manbimbing.php(234): format_indo(NULL)
#2 D:\wamp64\www\webppi\system\CodeIgniter.php(832): App\Controllers\Manbimbing->lihatformevaluasi('12', '1', '3')
#3 D:\wamp64\www\webppi\system\CodeIgniter.php(419): CodeIgniter\CodeIgniter->runController(Object(App\Controllers\Manbimbing))
#4 D:\wamp64\www\webppi\system\CodeIgniter.php(326): CodeIgniter\CodeIgniter->handleRequest(NULL, Object(Config\Cache), false)
#5 D:\wamp64\www\webppi\public\index.php(37): CodeIgniter\CodeIgniter->run()
#6 {main}
CRITICAL - 2022-11-23 10:15:47 --> Undefined offset: -1
#0 D:\wamp64\www\webppi\app\Helpers\tanggal_helper.php(18): CodeIgniter\Debug\Exceptions->errorHandler(8, 'Undefined offse...', 'D:\\wamp64\\www\\w...', 18, Array)
#1 D:\wamp64\www\webppi\app\Controllers\Manbimbing.php(234): format_indo(NULL)
#2 D:\wamp64\www\webppi\system\CodeIgniter.php(832): App\Controllers\Manbimbing->lihatformevaluasi('12', '1', '3')
#3 D:\wamp64\www\webppi\system\CodeIgniter.php(419): CodeIgniter\CodeIgniter->runController(Object(App\Controllers\Manbimbing))
#4 D:\wamp64\www\webppi\system\CodeIgniter.php(326): CodeIgniter\CodeIgniter->handleRequest(NULL, Object(Config\Cache), false)
#5 D:\wamp64\www\webppi\public\index.php(37): CodeIgniter\CodeIgniter->run()
#6 {main}
CRITICAL - 2022-11-23 10:34:01 --> Undefined offset: -1
#0 D:\wamp64\www\webppi\app\Helpers\tanggal_helper.php(18): CodeIgniter\Debug\Exceptions->errorHandler(8, 'Undefined offse...', 'D:\\wamp64\\www\\w...', 18, Array)
#1 D:\wamp64\www\webppi\app\Controllers\Manbimbing.php(234): format_indo(NULL)
#2 D:\wamp64\www\webppi\system\CodeIgniter.php(832): App\Controllers\Manbimbing->lihatformevaluasi('12', '1', '3')
#3 D:\wamp64\www\webppi\system\CodeIgniter.php(419): CodeIgniter\CodeIgniter->runController(Object(App\Controllers\Manbimbing))
#4 D:\wamp64\www\webppi\system\CodeIgniter.php(326): CodeIgniter\CodeIgniter->handleRequest(NULL, Object(Config\Cache), false)
#5 D:\wamp64\www\webppi\public\index.php(37): CodeIgniter\CodeIgniter->run()
#6 {main}
CRITICAL - 2022-11-23 10:35:28 --> Undefined offset: -1
#0 D:\wamp64\www\webppi\app\Helpers\tanggal_helper.php(18): CodeIgniter\Debug\Exceptions->errorHandler(8, 'Undefined offse...', 'D:\\wamp64\\www\\w...', 18, Array)
#1 D:\wamp64\www\webppi\app\Controllers\Manbimbing.php(234): format_indo(NULL)
#2 D:\wamp64\www\webppi\system\CodeIgniter.php(832): App\Controllers\Manbimbing->lihatformevaluasi('12', '1', '3')
#3 D:\wamp64\www\webppi\system\CodeIgniter.php(419): CodeIgniter\CodeIgniter->runController(Object(App\Controllers\Manbimbing))
#4 D:\wamp64\www\webppi\system\CodeIgniter.php(326): CodeIgniter\CodeIgniter->handleRequest(NULL, Object(Config\Cache), false)
#5 D:\wamp64\www\webppi\public\index.php(37): CodeIgniter\CodeIgniter->run()
#6 {main}
