CRITICAL - 2022-05-06 00:04:48 --> syntax error, unexpected '<'
#0 D:\wamp64\www\webppi\system\View\View.php(213): CodeIgniter\View\View->CodeIgniter\View\{closure}()
#1 D:\wamp64\www\webppi\system\Common.php(1089): CodeIgniter\View\View->render('register/tambah...', Array, true)
#2 D:\wamp64\www\webppi\app\Controllers\Register.php(1336): view('register/tambah...', Array)
#3 D:\wamp64\www\webppi\system\CodeIgniter.php(832): App\Controllers\Register->tambahkerjaproses()
#4 D:\wamp64\www\webppi\system\CodeIgniter.php(419): CodeIgniter\CodeIgniter->runController(Object(App\Controllers\Register))
#5 D:\wamp64\www\webppi\system\CodeIgniter.php(326): CodeIgniter\CodeIgniter->handleRequest(NULL, Object(Config\Cache), false)
#6 D:\wamp64\www\webppi\public\index.php(37): CodeIgniter\CodeIgniter->run()
#7 {main}
CRITICAL - 2022-05-06 07:35:45 --> syntax error, unexpected '}'
#0 D:\wamp64\www\webppi\system\View\View.php(213): CodeIgniter\View\View->CodeIgniter\View\{closure}()
#1 D:\wamp64\www\webppi\system\Common.php(1089): CodeIgniter\View\View->render('register/pengke...', Array, true)
#2 D:\wamp64\www\webppi\app\Controllers\Register.php(1192): view('register/pengke...', Array)
#3 D:\wamp64\www\webppi\system\CodeIgniter.php(832): App\Controllers\Register->pengkerja()
#4 D:\wamp64\www\webppi\system\CodeIgniter.php(419): CodeIgniter\CodeIgniter->runController(Object(App\Controllers\Register))
#5 D:\wamp64\www\webppi\system\CodeIgniter.php(326): CodeIgniter\CodeIgniter->handleRequest(NULL, Object(Config\Cache), false)
#6 D:\wamp64\www\webppi\public\index.php(37): CodeIgniter\CodeIgniter->run()
#7 {main}
CRITICAL - 2022-05-06 07:35:51 --> syntax error, unexpected '}'
#0 D:\wamp64\www\webppi\system\View\View.php(213): CodeIgniter\View\View->CodeIgniter\View\{closure}()
#1 D:\wamp64\www\webppi\system\Common.php(1089): CodeIgniter\View\View->render('register/pengke...', Array, true)
#2 D:\wamp64\www\webppi\app\Controllers\Register.php(1192): view('register/pengke...', Array)
#3 D:\wamp64\www\webppi\system\CodeIgniter.php(832): App\Controllers\Register->pengkerja()
#4 D:\wamp64\www\webppi\system\CodeIgniter.php(419): CodeIgniter\CodeIgniter->runController(Object(App\Controllers\Register))
#5 D:\wamp64\www\webppi\system\CodeIgniter.php(326): CodeIgniter\CodeIgniter->handleRequest(NULL, Object(Config\Cache), false)
#6 D:\wamp64\www\webppi\public\index.php(37): CodeIgniter\CodeIgniter->run()
#7 {main}
CRITICAL - 2022-05-06 07:37:28 --> Call to undefined function format_indo()
#0 D:\wamp64\www\webppi\system\View\View.php(210): include()
#1 D:\wamp64\www\webppi\system\View\View.php(213): CodeIgniter\View\View->CodeIgniter\View\{closure}()
#2 D:\wamp64\www\webppi\system\Common.php(1089): CodeIgniter\View\View->render('register/pengke...', Array, true)
#3 D:\wamp64\www\webppi\app\Controllers\Register.php(1192): view('register/pengke...', Array)
#4 D:\wamp64\www\webppi\system\CodeIgniter.php(832): App\Controllers\Register->pengkerja()
#5 D:\wamp64\www\webppi\system\CodeIgniter.php(419): CodeIgniter\CodeIgniter->runController(Object(App\Controllers\Register))
#6 D:\wamp64\www\webppi\system\CodeIgniter.php(326): CodeIgniter\CodeIgniter->handleRequest(NULL, Object(Config\Cache), false)
#7 D:\wamp64\www\webppi\public\index.php(37): CodeIgniter\CodeIgniter->run()
#8 {main}
CRITICAL - 2022-05-06 07:47:56 --> Too few arguments to function App\Controllers\Register::hapuspengkerja(), 0 passed in D:\wamp64\www\webppi\system\CodeIgniter.php on line 832 and exactly 1 expected
#0 D:\wamp64\www\webppi\system\CodeIgniter.php(832): App\Controllers\Register->hapuspengkerja()
#1 D:\wamp64\www\webppi\system\CodeIgniter.php(419): CodeIgniter\CodeIgniter->runController(Object(App\Controllers\Register))
#2 D:\wamp64\www\webppi\system\CodeIgniter.php(326): CodeIgniter\CodeIgniter->handleRequest(NULL, Object(Config\Cache), false)
#3 D:\wamp64\www\webppi\public\index.php(37): CodeIgniter\CodeIgniter->run()
#4 {main}
CRITICAL - 2022-05-06 07:48:42 --> unlink(./uploads/docs/): Is a directory
#0 [internal function]: CodeIgniter\Debug\Exceptions->errorHandler(2, 'unlink(./upload...', 'D:\\wamp64\\www\\w...', 1349, Array)
#1 D:\wamp64\www\webppi\app\Controllers\Register.php(1349): unlink('./uploads/docs/')
#2 D:\wamp64\www\webppi\system\CodeIgniter.php(832): App\Controllers\Register->hapuspengkerja('1')
#3 D:\wamp64\www\webppi\system\CodeIgniter.php(419): CodeIgniter\CodeIgniter->runController(Object(App\Controllers\Register))
#4 D:\wamp64\www\webppi\system\CodeIgniter.php(326): CodeIgniter\CodeIgniter->handleRequest(NULL, Object(Config\Cache), false)
#5 D:\wamp64\www\webppi\public\index.php(37): CodeIgniter\CodeIgniter->run()
#6 {main}
CRITICAL - 2022-05-06 07:52:57 --> unlink(./uploads/docs/): Is a directory
#0 [internal function]: CodeIgniter\Debug\Exceptions->errorHandler(2, 'unlink(./upload...', 'D:\\wamp64\\www\\w...', 1350, Array)
#1 D:\wamp64\www\webppi\app\Controllers\Register.php(1350): unlink('./uploads/docs/')
#2 D:\wamp64\www\webppi\system\CodeIgniter.php(832): App\Controllers\Register->hapuspengkerja('1')
#3 D:\wamp64\www\webppi\system\CodeIgniter.php(419): CodeIgniter\CodeIgniter->runController(Object(App\Controllers\Register))
#4 D:\wamp64\www\webppi\system\CodeIgniter.php(326): CodeIgniter\CodeIgniter->handleRequest(NULL, Object(Config\Cache), false)
#5 D:\wamp64\www\webppi\public\index.php(37): CodeIgniter\CodeIgniter->run()
#6 {main}
CRITICAL - 2022-05-06 09:21:56 --> Cannot redeclare App\Controllers\Register::ubahpendproses()
#0 [internal function]: CodeIgniter\Debug\Exceptions->shutdownHandler()
#1 {main}
CRITICAL - 2022-05-06 10:33:35 --> syntax error, unexpected ''date_modified'' (T_CONSTANT_ENCAPSED_STRING), expecting ')'
#0 D:\wamp64\www\webppi\system\Router\Router.php(175): CodeIgniter\Router\Router->autoRoute('register/ubahpe...')
#1 D:\wamp64\www\webppi\system\CodeIgniter.php(726): CodeIgniter\Router\Router->handle('register/ubahpe...')
#2 D:\wamp64\www\webppi\system\CodeIgniter.php(368): CodeIgniter\CodeIgniter->tryToRouteIt(Object(CodeIgniter\Router\RouteCollection))
#3 D:\wamp64\www\webppi\system\CodeIgniter.php(326): CodeIgniter\CodeIgniter->handleRequest(NULL, Object(Config\Cache), false)
#4 D:\wamp64\www\webppi\public\index.php(37): CodeIgniter\CodeIgniter->run()
#5 {main}
CRITICAL - 2022-05-06 10:46:24 --> Call to undefined function App\Controllers\getVar()
#0 D:\wamp64\www\webppi\system\CodeIgniter.php(832): App\Controllers\Register->ubahpengkerjaproses()
#1 D:\wamp64\www\webppi\system\CodeIgniter.php(419): CodeIgniter\CodeIgniter->runController(Object(App\Controllers\Register))
#2 D:\wamp64\www\webppi\system\CodeIgniter.php(326): CodeIgniter\CodeIgniter->handleRequest(NULL, Object(Config\Cache), false)
#3 D:\wamp64\www\webppi\public\index.php(37): CodeIgniter\CodeIgniter->run()
#4 {main}
CRITICAL - 2022-05-06 11:46:17 --> Class 'App\Controllers\CapesOrgModel' not found
#0 D:\wamp64\www\webppi\system\CodeIgniter.php(832): App\Controllers\Register->organisasi()
#1 D:\wamp64\www\webppi\system\CodeIgniter.php(419): CodeIgniter\CodeIgniter->runController(Object(App\Controllers\Register))
#2 D:\wamp64\www\webppi\system\CodeIgniter.php(326): CodeIgniter\CodeIgniter->handleRequest(NULL, Object(Config\Cache), false)
#3 D:\wamp64\www\webppi\public\index.php(37): CodeIgniter\CodeIgniter->run()
#4 {main}
