CRITICAL - 2022-06-02 03:58:44 --> Undefined variable: user_id
#0 D:\wamp64\www\webppi\app\Controllers\Manuser.php(43): CodeIgniter\Debug\Exceptions->errorHandler(8, 'Undefined varia...', 'D:\\wamp64\\www\\w...', 43, Array)
#1 D:\wamp64\www\webppi\system\CodeIgniter.php(832): App\Controllers\Manuser->tambahanggota()
#2 D:\wamp64\www\webppi\system\CodeIgniter.php(419): CodeIgniter\CodeIgniter->runController(Object(App\Controllers\Manuser))
#3 D:\wamp64\www\webppi\system\CodeIgniter.php(326): CodeIgniter\CodeIgniter->handleRequest(NULL, Object(Config\Cache), false)
#4 D:\wamp64\www\webppi\public\index.php(37): CodeIgniter\CodeIgniter->run()
#5 {main}
CRITICAL - 2022-06-02 03:58:56 --> Undefined variable: user_id
#0 D:\wamp64\www\webppi\app\Controllers\Manuser.php(43): CodeIgniter\Debug\Exceptions->errorHandler(8, 'Undefined varia...', 'D:\\wamp64\\www\\w...', 43, Array)
#1 D:\wamp64\www\webppi\system\CodeIgniter.php(832): App\Controllers\Manuser->tambahanggota()
#2 D:\wamp64\www\webppi\system\CodeIgniter.php(419): CodeIgniter\CodeIgniter->runController(Object(App\Controllers\Manuser))
#3 D:\wamp64\www\webppi\system\CodeIgniter.php(326): CodeIgniter\CodeIgniter->handleRequest(NULL, Object(Config\Cache), false)
#4 D:\wamp64\www\webppi\public\index.php(37): CodeIgniter\CodeIgniter->run()
#5 {main}
CRITICAL - 2022-06-02 04:48:26 --> syntax error, unexpected ')', expecting ']'
#0 D:\wamp64\www\webppi\system\Router\Router.php(175): CodeIgniter\Router\Router->autoRoute('manuser/tambaha...')
#1 D:\wamp64\www\webppi\system\CodeIgniter.php(726): CodeIgniter\Router\Router->handle('manuser/tambaha...')
#2 D:\wamp64\www\webppi\system\CodeIgniter.php(368): CodeIgniter\CodeIgniter->tryToRouteIt(Object(CodeIgniter\Router\RouteCollection))
#3 D:\wamp64\www\webppi\system\CodeIgniter.php(326): CodeIgniter\CodeIgniter->handleRequest(NULL, Object(Config\Cache), false)
#4 D:\wamp64\www\webppi\public\index.php(37): CodeIgniter\CodeIgniter->run()
#5 {main}
