ERROR - 2023-05-29 15:06:16 --> Column 'user_id' in order clause is ambiguous
CRITICAL - 2023-05-29 15:06:16 --> Column 'user_id' in order clause is ambiguous
#0 D:\wamp64\www\webppi\system\Database\MySQLi\Connection.php(292): mysqli->query('SELECT *\nFROM `...', 0)
#1 D:\wamp64\www\webppi\system\Database\BaseConnection.php(670): CodeIgniter\Database\MySQLi\Connection->execute('SELECT *\nFROM `...')
#2 D:\wamp64\www\webppi\system\Database\BaseConnection.php(598): CodeIgniter\Database\BaseConnection->simpleQuery('SELECT *\nFROM `...')
#3 D:\wamp64\www\webppi\system\Database\BaseBuilder.php(1455): CodeIgniter\Database\BaseConnection->query('SELECT *\nFROM `...', Array, false)
#4 D:\wamp64\www\webppi\system\Model.php(183): CodeIgniter\Database\BaseBuilder->get()
#5 D:\wamp64\www\webppi\system\BaseModel.php(584): CodeIgniter\Model->doFindAll(0, 0)
#6 D:\wamp64\www\webppi\app\Controllers\Apifaip.php(22): CodeIgniter\BaseModel->findAll()
#7 D:\wamp64\www\webppi\system\CodeIgniter.php(832): App\Controllers\Apifaip->index()
#8 D:\wamp64\www\webppi\system\CodeIgniter.php(419): CodeIgniter\CodeIgniter->runController(Object(App\Controllers\Apifaip))
#9 D:\wamp64\www\webppi\system\CodeIgniter.php(326): CodeIgniter\CodeIgniter->handleRequest(NULL, Object(Config\Cache), false)
#10 D:\wamp64\www\webppi\public\index.php(37): CodeIgniter\CodeIgniter->run()
#11 {main}
CRITICAL - 2023-05-29 15:53:59 --> Cannot access offset of type string on string
#0 D:\wamp64\www\webppi\system\CodeIgniter.php(832): App\Controllers\Apifaip->sendfaip('16')
#1 D:\wamp64\www\webppi\system\CodeIgniter.php(419): CodeIgniter\CodeIgniter->runController(Object(App\Controllers\Apifaip))
#2 D:\wamp64\www\webppi\system\CodeIgniter.php(326): CodeIgniter\CodeIgniter->handleRequest(NULL, Object(Config\Cache), false)
#3 D:\wamp64\www\webppi\public\index.php(37): CodeIgniter\CodeIgniter->run()
#4 {main}
CRITICAL - 2023-05-29 15:55:06 --> Cannot use object of type stdClass as array
#0 D:\wamp64\www\webppi\system\CodeIgniter.php(832): App\Controllers\Apifaip->sendfaip('16')
#1 D:\wamp64\www\webppi\system\CodeIgniter.php(419): CodeIgniter\CodeIgniter->runController(Object(App\Controllers\Apifaip))
#2 D:\wamp64\www\webppi\system\CodeIgniter.php(326): CodeIgniter\CodeIgniter->handleRequest(NULL, Object(Config\Cache), false)
#3 D:\wamp64\www\webppi\public\index.php(37): CodeIgniter\CodeIgniter->run()
#4 {main}
CRITICAL - 2023-05-29 15:55:28 --> Cannot access offset of type string on string
#0 D:\wamp64\www\webppi\system\CodeIgniter.php(832): App\Controllers\Apifaip->sendfaip('16')
#1 D:\wamp64\www\webppi\system\CodeIgniter.php(419): CodeIgniter\CodeIgniter->runController(Object(App\Controllers\Apifaip))
#2 D:\wamp64\www\webppi\system\CodeIgniter.php(326): CodeIgniter\CodeIgniter->handleRequest(NULL, Object(Config\Cache), false)
#3 D:\wamp64\www\webppi\public\index.php(37): CodeIgniter\CodeIgniter->run()
#4 {main}
CRITICAL - 2023-05-29 17:49:00 --> Unsupported operand types: string + string
#0 D:\wamp64\www\webppi\app\Controllers\Apifaip.php(46): App\Libraries\Sendfaip->insertfaip('eyJ0eXAiOiJKV1Q...', '26906', 'user_id="26906"...')
#1 D:\wamp64\www\webppi\system\CodeIgniter.php(832): App\Controllers\Apifaip->sendfaip('16')
#2 D:\wamp64\www\webppi\system\CodeIgniter.php(419): CodeIgniter\CodeIgniter->runController(Object(App\Controllers\Apifaip))
#3 D:\wamp64\www\webppi\system\CodeIgniter.php(326): CodeIgniter\CodeIgniter->handleRequest(NULL, Object(Config\Cache), false)
#4 D:\wamp64\www\webppi\public\index.php(37): CodeIgniter\CodeIgniter->run()
#5 {main}
CRITICAL - 2023-05-29 17:58:13 --> Array to string conversion
#0 D:\wamp64\www\webppi\app\Libraries\Sendfaip.php(71): CodeIgniter\Debug\Exceptions->errorHandler(2, 'Array to string...', 'D:\\wamp64\\www\\w...', 71)
#1 D:\wamp64\www\webppi\app\Controllers\Apifaip.php(46): App\Libraries\Sendfaip->insertfaip('eyJ0eXAiOiJKV1Q...', '26906', Array)
#2 D:\wamp64\www\webppi\system\CodeIgniter.php(832): App\Controllers\Apifaip->sendfaip('16')
#3 D:\wamp64\www\webppi\system\CodeIgniter.php(419): CodeIgniter\CodeIgniter->runController(Object(App\Controllers\Apifaip))
#4 D:\wamp64\www\webppi\system\CodeIgniter.php(326): CodeIgniter\CodeIgniter->handleRequest(NULL, Object(Config\Cache), false)
#5 D:\wamp64\www\webppi\public\index.php(37): CodeIgniter\CodeIgniter->run()
#6 {main}
