CRITICAL - 2024-06-03 04:58:15 --> Undefined variable: FullName
#0 D:\wamp64\www\webppi\app\Views\maintemp\penilaianrpl.php(21): CodeIgniter\Debug\Exceptions->errorHandler(8, 'Undefined varia...', 'D:\\wamp64\\www\\w...', 21, Array)
#1 D:\wamp64\www\webppi\system\View\View.php(210): include('D:\\wamp64\\www\\w...')
#2 D:\wamp64\www\webppi\system\View\View.php(213): CodeIgniter\View\View->CodeIgniter\View\{closure}()
#3 D:\wamp64\www\webppi\system\Common.php(1089): CodeIgniter\View\View->render('maintemp/penila...', Array, true)
#4 D:\wamp64\www\webppi\app\Controllers\Mannilairpl.php(192): view('maintemp/penila...', Array)
#5 D:\wamp64\www\webppi\system\CodeIgniter.php(832): App\Controllers\Mannilairpl->penilaianrpl('56', '15')
#6 D:\wamp64\www\webppi\system\CodeIgniter.php(419): CodeIgniter\CodeIgniter->runController(Object(App\Controllers\Mannilairpl))
#7 D:\wamp64\www\webppi\system\CodeIgniter.php(326): CodeIgniter\CodeIgniter->handleRequest(NULL, Object(Config\Cache), false)
#8 D:\wamp64\www\webppi\public\index.php(37): CodeIgniter\CodeIgniter->run()
#9 {main}
CRITICAL - 2024-06-03 05:21:53 --> Array to string conversion
#0 D:\wamp64\www\webppi\app\Controllers\Nilairpl.php(1261): CodeIgniter\Debug\Exceptions->errorHandler(8, 'Array to string...', 'D:\\wamp64\\www\\w...', 1261, Array)
#1 D:\wamp64\www\webppi\system\CodeIgniter.php(832): App\Controllers\Nilairpl->k3lhsimpan()
#2 D:\wamp64\www\webppi\system\CodeIgniter.php(419): CodeIgniter\CodeIgniter->runController(Object(App\Controllers\Nilairpl))
#3 D:\wamp64\www\webppi\system\CodeIgniter.php(326): CodeIgniter\CodeIgniter->handleRequest(NULL, Object(Config\Cache), false)
#4 D:\wamp64\www\webppi\public\index.php(37): CodeIgniter\CodeIgniter->run()
#5 {main}
CRITICAL - 2024-06-03 05:22:46 --> syntax error, unexpected 'public' (T_PUBLIC)
#0 D:\wamp64\www\webppi\system\Router\Router.php(175): CodeIgniter\Router\Router->autoRoute('nilairpl/k3lhsi...')
#1 D:\wamp64\www\webppi\system\CodeIgniter.php(726): CodeIgniter\Router\Router->handle('nilairpl/k3lhsi...')
#2 D:\wamp64\www\webppi\system\CodeIgniter.php(368): CodeIgniter\CodeIgniter->tryToRouteIt(Object(CodeIgniter\Router\RouteCollection))
#3 D:\wamp64\www\webppi\system\CodeIgniter.php(326): CodeIgniter\CodeIgniter->handleRequest(NULL, Object(Config\Cache), false)
#4 D:\wamp64\www\webppi\public\index.php(37): CodeIgniter\CodeIgniter->run()
#5 {main}
