CRITICAL - 2022-09-06 10:08:45 --> Undefined variable: Period
#0 D:\wamp64\www\webppi\app\Controllers\Userfair13.php(212): CodeIgniter\Debug\Exceptions->errorHandler(8, 'Undefined varia...', 'D:\\wamp64\\www\\w...', 212, Array)
#1 D:\wamp64\www\webppi\system\CodeIgniter.php(832): App\Controllers\Userfair13->tambahorgproses()
#2 D:\wamp64\www\webppi\system\CodeIgniter.php(419): CodeIgniter\CodeIgniter->runController(Object(App\Controllers\Userfair13))
#3 D:\wamp64\www\webppi\system\CodeIgniter.php(326): CodeIgniter\CodeIgniter->handleRequest(NULL, Object(Config\Cache), false)
#4 D:\wamp64\www\webppi\public\index.php(37): CodeIgniter\CodeIgniter->run()
#5 {main}
CRITICAL - 2022-09-06 11:22:11 --> Array to string conversion
#0 D:\wamp64\www\webppi\app\Views\maintemp\tambahorguserfairvalid.php(266): CodeIgniter\Debug\Exceptions->errorHandler(8, 'Array to string...', 'D:\\wamp64\\www\\w...', 266, Array)
#1 D:\wamp64\www\webppi\system\View\View.php(210): include('D:\\wamp64\\www\\w...')
#2 D:\wamp64\www\webppi\system\View\View.php(213): CodeIgniter\View\View->CodeIgniter\View\{closure}()
#3 D:\wamp64\www\webppi\system\Common.php(1089): CodeIgniter\View\View->render('maintemp/tambah...', Array, true)
#4 D:\wamp64\www\webppi\app\Controllers\Userfair13.php(316): view('maintemp/tambah...', Array)
#5 D:\wamp64\www\webppi\system\CodeIgniter.php(832): App\Controllers\Userfair13->tambahorgproses()
#6 D:\wamp64\www\webppi\system\CodeIgniter.php(419): CodeIgniter\CodeIgniter->runController(Object(App\Controllers\Userfair13))
#7 D:\wamp64\www\webppi\system\CodeIgniter.php(326): CodeIgniter\CodeIgniter->handleRequest(NULL, Object(Config\Cache), false)
#8 D:\wamp64\www\webppi\public\index.php(37): CodeIgniter\CodeIgniter->run()
#9 {main}
CRITICAL - 2022-09-06 12:28:17 --> Undefined variable: org
#0 D:\wamp64\www\webppi\app\Controllers\Userfair14.php(311): CodeIgniter\Debug\Exceptions->errorHandler(8, 'Undefined varia...', 'D:\\wamp64\\www\\w...', 311, Array)
#1 D:\wamp64\www\webppi\system\CodeIgniter.php(832): App\Controllers\Userfair14->ubahpenghargaan('1')
#2 D:\wamp64\www\webppi\system\CodeIgniter.php(419): CodeIgniter\CodeIgniter->runController(Object(App\Controllers\Userfair14))
#3 D:\wamp64\www\webppi\system\CodeIgniter.php(326): CodeIgniter\CodeIgniter->handleRequest(NULL, Object(Config\Cache), false)
#4 D:\wamp64\www\webppi\public\index.php(37): CodeIgniter\CodeIgniter->run()
#5 {main}
CRITICAL - 2022-09-06 13:20:04 --> Undefined variable: org
#0 D:\wamp64\www\webppi\app\Controllers\Userfair15.php(338): CodeIgniter\Debug\Exceptions->errorHandler(8, 'Undefined varia...', 'D:\\wamp64\\www\\w...', 338, Array)
#1 D:\wamp64\www\webppi\system\CodeIgniter.php(832): App\Controllers\Userfair15->ubahlatih('7')
#2 D:\wamp64\www\webppi\system\CodeIgniter.php(419): CodeIgniter\CodeIgniter->runController(Object(App\Controllers\Userfair15))
#3 D:\wamp64\www\webppi\system\CodeIgniter.php(326): CodeIgniter\CodeIgniter->handleRequest(NULL, Object(Config\Cache), false)
#4 D:\wamp64\www\webppi\public\index.php(37): CodeIgniter\CodeIgniter->run()
#5 {main}
CRITICAL - 2022-09-06 13:20:52 --> Call to undefined function App\Controllers\left()
#0 D:\wamp64\www\webppi\system\CodeIgniter.php(832): App\Controllers\Userfair15->ubahlatihproses()
#1 D:\wamp64\www\webppi\system\CodeIgniter.php(419): CodeIgniter\CodeIgniter->runController(Object(App\Controllers\Userfair15))
#2 D:\wamp64\www\webppi\system\CodeIgniter.php(326): CodeIgniter\CodeIgniter->handleRequest(NULL, Object(Config\Cache), false)
#3 D:\wamp64\www\webppi\public\index.php(37): CodeIgniter\CodeIgniter->run()
#4 {main}
CRITICAL - 2022-09-06 13:36:23 --> Undefined variable: datakomp
#0 D:\wamp64\www\webppi\app\Views\maintemp\tambahsertuserfairvalid.php(147): CodeIgniter\Debug\Exceptions->errorHandler(8, 'Undefined varia...', 'D:\\wamp64\\www\\w...', 147, Array)
#1 D:\wamp64\www\webppi\system\View\View.php(210): include('D:\\wamp64\\www\\w...')
#2 D:\wamp64\www\webppi\system\View\View.php(213): CodeIgniter\View\View->CodeIgniter\View\{closure}()
#3 D:\wamp64\www\webppi\system\Common.php(1089): CodeIgniter\View\View->render('maintemp/tambah...', Array, true)
#4 D:\wamp64\www\webppi\app\Controllers\Userfair16.php(263): view('maintemp/tambah...', Array)
#5 D:\wamp64\www\webppi\system\CodeIgniter.php(832): App\Controllers\Userfair16->tambahsertproses()
#6 D:\wamp64\www\webppi\system\CodeIgniter.php(419): CodeIgniter\CodeIgniter->runController(Object(App\Controllers\Userfair16))
#7 D:\wamp64\www\webppi\system\CodeIgniter.php(326): CodeIgniter\CodeIgniter->handleRequest(NULL, Object(Config\Cache), false)
#8 D:\wamp64\www\webppi\public\index.php(37): CodeIgniter\CodeIgniter->run()
#9 {main}
CRITICAL - 2022-09-06 13:39:23 --> count(): Parameter must be an array or an object that implements Countable
#0 [internal function]: CodeIgniter\Debug\Exceptions->errorHandler(2, 'count(): Parame...', 'D:\\wamp64\\www\\w...', 444, Array)
#1 D:\wamp64\www\webppi\app\Controllers\Userfair16.php(444): count(NULL)
#2 D:\wamp64\www\webppi\system\CodeIgniter.php(832): App\Controllers\Userfair16->ubahsertproses()
#3 D:\wamp64\www\webppi\system\CodeIgniter.php(419): CodeIgniter\CodeIgniter->runController(Object(App\Controllers\Userfair16))
#4 D:\wamp64\www\webppi\system\CodeIgniter.php(326): CodeIgniter\CodeIgniter->handleRequest(NULL, Object(Config\Cache), false)
#5 D:\wamp64\www\webppi\public\index.php(37): CodeIgniter\CodeIgniter->run()
#6 {main}
CRITICAL - 2022-09-06 13:40:56 --> count(): Parameter must be an array or an object that implements Countable
#0 [internal function]: CodeIgniter\Debug\Exceptions->errorHandler(2, 'count(): Parame...', 'D:\\wamp64\\www\\w...', 444, Array)
#1 D:\wamp64\www\webppi\app\Controllers\Userfair16.php(444): count(NULL)
#2 D:\wamp64\www\webppi\system\CodeIgniter.php(832): App\Controllers\Userfair16->ubahsertproses()
#3 D:\wamp64\www\webppi\system\CodeIgniter.php(419): CodeIgniter\CodeIgniter->runController(Object(App\Controllers\Userfair16))
#4 D:\wamp64\www\webppi\system\CodeIgniter.php(326): CodeIgniter\CodeIgniter->handleRequest(NULL, Object(Config\Cache), false)
#5 D:\wamp64\www\webppi\public\index.php(37): CodeIgniter\CodeIgniter->run()
#6 {main}
CRITICAL - 2022-09-06 14:02:10 --> count(): Parameter must be an array or an object that implements Countable
#0 [internal function]: CodeIgniter\Debug\Exceptions->errorHandler(2, 'count(): Parame...', 'D:\\wamp64\\www\\w...', 454, Array)
#1 D:\wamp64\www\webppi\app\Controllers\Userfair3.php(454): count(NULL)
#2 D:\wamp64\www\webppi\system\CodeIgniter.php(832): App\Controllers\Userfair3->ubahkerjaproses()
#3 D:\wamp64\www\webppi\system\CodeIgniter.php(419): CodeIgniter\CodeIgniter->runController(Object(App\Controllers\Userfair3))
#4 D:\wamp64\www\webppi\system\CodeIgniter.php(326): CodeIgniter\CodeIgniter->handleRequest(NULL, Object(Config\Cache), false)
#5 D:\wamp64\www\webppi\public\index.php(37): CodeIgniter\CodeIgniter->run()
#6 {main}
CRITICAL - 2022-09-06 14:02:34 --> count(): Parameter must be an array or an object that implements Countable
#0 [internal function]: CodeIgniter\Debug\Exceptions->errorHandler(2, 'count(): Parame...', 'D:\\wamp64\\www\\w...', 454, Array)
#1 D:\wamp64\www\webppi\app\Controllers\Userfair3.php(454): count(NULL)
#2 D:\wamp64\www\webppi\system\CodeIgniter.php(832): App\Controllers\Userfair3->ubahkerjaproses()
#3 D:\wamp64\www\webppi\system\CodeIgniter.php(419): CodeIgniter\CodeIgniter->runController(Object(App\Controllers\Userfair3))
#4 D:\wamp64\www\webppi\system\CodeIgniter.php(326): CodeIgniter\CodeIgniter->handleRequest(NULL, Object(Config\Cache), false)
#5 D:\wamp64\www\webppi\public\index.php(37): CodeIgniter\CodeIgniter->run()
#6 {main}
CRITICAL - 2022-09-06 14:02:50 --> Undefined variable: Length
#0 D:\wamp64\www\webppi\app\Controllers\Userfair3.php(460): CodeIgniter\Debug\Exceptions->errorHandler(8, 'Undefined varia...', 'D:\\wamp64\\www\\w...', 460, Array)
#1 D:\wamp64\www\webppi\system\CodeIgniter.php(832): App\Controllers\Userfair3->ubahkerjaproses()
#2 D:\wamp64\www\webppi\system\CodeIgniter.php(419): CodeIgniter\CodeIgniter->runController(Object(App\Controllers\Userfair3))
#3 D:\wamp64\www\webppi\system\CodeIgniter.php(326): CodeIgniter\CodeIgniter->handleRequest(NULL, Object(Config\Cache), false)
#4 D:\wamp64\www\webppi\public\index.php(37): CodeIgniter\CodeIgniter->run()
#5 {main}
CRITICAL - 2022-09-06 17:01:03 --> Undefined variable: title_page
#0 D:\wamp64\www\webppi\app\Views\maintemp\template.php(7): CodeIgniter\Debug\Exceptions->errorHandler(8, 'Undefined varia...', 'D:\\wamp64\\www\\w...', 7, Array)
#1 D:\wamp64\www\webppi\system\View\View.php(210): include('D:\\wamp64\\www\\w...')
#2 D:\wamp64\www\webppi\system\View\View.php(213): CodeIgniter\View\View->CodeIgniter\View\{closure}()
#3 D:\wamp64\www\webppi\system\View\View.php(226): CodeIgniter\View\View->render('maintemp/templa...', Array, true)
#4 D:\wamp64\www\webppi\system\Common.php(1089): CodeIgniter\View\View->render('maintemp/fairdo...', Array, true)
#5 D:\wamp64\www\webppi\app\Controllers\Userfair51.php(41): view('maintemp/fairdo...', Array)
#6 D:\wamp64\www\webppi\system\CodeIgniter.php(832): App\Controllers\Userfair51->docs()
#7 D:\wamp64\www\webppi\system\CodeIgniter.php(419): CodeIgniter\CodeIgniter->runController(Object(App\Controllers\Userfair51))
#8 D:\wamp64\www\webppi\system\CodeIgniter.php(326): CodeIgniter\CodeIgniter->handleRequest(NULL, Object(Config\Cache), false)
#9 D:\wamp64\www\webppi\public\index.php(37): CodeIgniter\CodeIgniter->run()
#10 {main}
CRITICAL - 2022-09-06 17:17:52 --> Undefined variable: Mediatype
#0 D:\wamp64\www\webppi\app\Controllers\Userfair52.php(188): CodeIgniter\Debug\Exceptions->errorHandler(8, 'Undefined varia...', 'D:\\wamp64\\www\\w...', 188, Array)
#1 D:\wamp64\www\webppi\system\CodeIgniter.php(832): App\Controllers\Userfair52->tambahmakproses()
#2 D:\wamp64\www\webppi\system\CodeIgniter.php(419): CodeIgniter\CodeIgniter->runController(Object(App\Controllers\Userfair52))
#3 D:\wamp64\www\webppi\system\CodeIgniter.php(326): CodeIgniter\CodeIgniter->handleRequest(NULL, Object(Config\Cache), false)
#4 D:\wamp64\www\webppi\public\index.php(37): CodeIgniter\CodeIgniter->run()
#5 {main}
CRITICAL - 2022-09-06 17:19:22 --> Undefined variable: Diffbenefit
#0 D:\wamp64\www\webppi\app\Controllers\Userfair52.php(199): CodeIgniter\Debug\Exceptions->errorHandler(8, 'Undefined varia...', 'D:\\wamp64\\www\\w...', 199, Array)
#1 D:\wamp64\www\webppi\system\CodeIgniter.php(832): App\Controllers\Userfair52->tambahmakproses()
#2 D:\wamp64\www\webppi\system\CodeIgniter.php(419): CodeIgniter\CodeIgniter->runController(Object(App\Controllers\Userfair52))
#3 D:\wamp64\www\webppi\system\CodeIgniter.php(326): CodeIgniter\CodeIgniter->handleRequest(NULL, Object(Config\Cache), false)
#4 D:\wamp64\www\webppi\public\index.php(37): CodeIgniter\CodeIgniter->run()
#5 {main}
CRITICAL - 2022-09-06 17:34:08 --> Undefined variable: kartul
#0 D:\wamp64\www\webppi\app\Controllers\Userfair53.php(314): CodeIgniter\Debug\Exceptions->errorHandler(8, 'Undefined varia...', 'D:\\wamp64\\www\\w...', 314, Array)
#1 D:\wamp64\www\webppi\system\CodeIgniter.php(832): App\Controllers\Userfair53->ubahsem('2')
#2 D:\wamp64\www\webppi\system\CodeIgniter.php(419): CodeIgniter\CodeIgniter->runController(Object(App\Controllers\Userfair53))
#3 D:\wamp64\www\webppi\system\CodeIgniter.php(326): CodeIgniter\CodeIgniter->handleRequest(NULL, Object(Config\Cache), false)
#4 D:\wamp64\www\webppi\public\index.php(37): CodeIgniter\CodeIgniter->run()
#5 {main}
CRITICAL - 2022-09-06 17:35:23 --> Undefined variable: Diffbenefit
#0 D:\wamp64\www\webppi\app\Controllers\Userfair53.php(457): CodeIgniter\Debug\Exceptions->errorHandler(8, 'Undefined varia...', 'D:\\wamp64\\www\\w...', 457, Array)
#1 D:\wamp64\www\webppi\system\CodeIgniter.php(832): App\Controllers\Userfair53->ubahsemproses()
#2 D:\wamp64\www\webppi\system\CodeIgniter.php(419): CodeIgniter\CodeIgniter->runController(Object(App\Controllers\Userfair53))
#3 D:\wamp64\www\webppi\system\CodeIgniter.php(326): CodeIgniter\CodeIgniter->handleRequest(NULL, Object(Config\Cache), false)
#4 D:\wamp64\www\webppi\public\index.php(37): CodeIgniter\CodeIgniter->run()
#5 {main}
CRITICAL - 2022-09-06 19:19:11 --> Undefined variable: sem
#0 D:\wamp64\www\webppi\app\Controllers\Userfair54.php(271): CodeIgniter\Debug\Exceptions->errorHandler(8, 'Undefined varia...', 'D:\\wamp64\\www\\w...', 271, Array)
#1 D:\wamp64\www\webppi\system\CodeIgniter.php(832): App\Controllers\Userfair54->ubahinov('2')
#2 D:\wamp64\www\webppi\system\CodeIgniter.php(419): CodeIgniter\CodeIgniter->runController(Object(App\Controllers\Userfair54))
#3 D:\wamp64\www\webppi\system\CodeIgniter.php(326): CodeIgniter\CodeIgniter->handleRequest(NULL, Object(Config\Cache), false)
#4 D:\wamp64\www\webppi\public\index.php(37): CodeIgniter\CodeIgniter->run()
#5 {main}
CRITICAL - 2022-09-06 19:19:27 --> count(): Parameter must be an array or an object that implements Countable
#0 [internal function]: CodeIgniter\Debug\Exceptions->errorHandler(2, 'count(): Parame...', 'D:\\wamp64\\www\\w...', 361, Array)
#1 D:\wamp64\www\webppi\app\Controllers\Userfair54.php(361): count(NULL)
#2 D:\wamp64\www\webppi\system\CodeIgniter.php(832): App\Controllers\Userfair54->ubahinovproses()
#3 D:\wamp64\www\webppi\system\CodeIgniter.php(419): CodeIgniter\CodeIgniter->runController(Object(App\Controllers\Userfair54))
#4 D:\wamp64\www\webppi\system\CodeIgniter.php(326): CodeIgniter\CodeIgniter->handleRequest(NULL, Object(Config\Cache), false)
#5 D:\wamp64\www\webppi\public\index.php(37): CodeIgniter\CodeIgniter->run()
#6 {main}
CRITICAL - 2022-09-06 19:20:07 --> Undefined variable: Level
#0 D:\wamp64\www\webppi\app\Controllers\Userfair54.php(366): CodeIgniter\Debug\Exceptions->errorHandler(8, 'Undefined varia...', 'D:\\wamp64\\www\\w...', 366, Array)
#1 D:\wamp64\www\webppi\system\CodeIgniter.php(832): App\Controllers\Userfair54->ubahinovproses()
#2 D:\wamp64\www\webppi\system\CodeIgniter.php(419): CodeIgniter\CodeIgniter->runController(Object(App\Controllers\Userfair54))
#3 D:\wamp64\www\webppi\system\CodeIgniter.php(326): CodeIgniter\CodeIgniter->handleRequest(NULL, Object(Config\Cache), false)
#4 D:\wamp64\www\webppi\public\index.php(37): CodeIgniter\CodeIgniter->run()
#5 {main}
CRITICAL - 2022-09-06 19:42:37 --> Undefined variable: inov
#0 D:\wamp64\www\webppi\app\Controllers\Userfair6.php(259): CodeIgniter\Debug\Exceptions->errorHandler(8, 'Undefined varia...', 'D:\\wamp64\\www\\w...', 259, Array)
#1 D:\wamp64\www\webppi\system\CodeIgniter.php(832): App\Controllers\Userfair6->ubahbahasa('2')
#2 D:\wamp64\www\webppi\system\CodeIgniter.php(419): CodeIgniter\CodeIgniter->runController(Object(App\Controllers\Userfair6))
#3 D:\wamp64\www\webppi\system\CodeIgniter.php(326): CodeIgniter\CodeIgniter->handleRequest(NULL, Object(Config\Cache), false)
#4 D:\wamp64\www\webppi\public\index.php(37): CodeIgniter\CodeIgniter->run()
#5 {main}
CRITICAL - 2022-09-06 19:59:52 --> Undefined index: ID
#0 D:\wamp64\www\webppi\app\Controllers\Userfair7.php(33): CodeIgniter\Debug\Exceptions->errorHandler(8, 'Undefined index...', 'D:\\wamp64\\www\\w...', 33, Array)
#1 D:\wamp64\www\webppi\system\CodeIgniter.php(832): App\Controllers\Userfair7->docs()
#2 D:\wamp64\www\webppi\system\CodeIgniter.php(419): CodeIgniter\CodeIgniter->runController(Object(App\Controllers\Userfair7))
#3 D:\wamp64\www\webppi\system\CodeIgniter.php(326): CodeIgniter\CodeIgniter->handleRequest(NULL, Object(Config\Cache), false)
#4 D:\wamp64\www\webppi\public\index.php(37): CodeIgniter\CodeIgniter->run()
#5 {main}
CRITICAL - 2022-09-06 20:00:56 --> Undefined variable: user
#0 D:\wamp64\www\webppi\app\Views\maintemp\fairdok7.php(14): CodeIgniter\Debug\Exceptions->errorHandler(8, 'Undefined varia...', 'D:\\wamp64\\www\\w...', 14, Array)
#1 D:\wamp64\www\webppi\system\View\View.php(210): include('D:\\wamp64\\www\\w...')
#2 D:\wamp64\www\webppi\system\View\View.php(213): CodeIgniter\View\View->CodeIgniter\View\{closure}()
#3 D:\wamp64\www\webppi\system\Common.php(1089): CodeIgniter\View\View->render('maintemp/fairdo...', Array, true)
#4 D:\wamp64\www\webppi\app\Controllers\Userfair7.php(44): view('maintemp/fairdo...', Array)
#5 D:\wamp64\www\webppi\system\CodeIgniter.php(832): App\Controllers\Userfair7->docs()
#6 D:\wamp64\www\webppi\system\CodeIgniter.php(419): CodeIgniter\CodeIgniter->runController(Object(App\Controllers\Userfair7))
#7 D:\wamp64\www\webppi\system\CodeIgniter.php(326): CodeIgniter\CodeIgniter->handleRequest(NULL, Object(Config\Cache), false)
#8 D:\wamp64\www\webppi\public\index.php(37): CodeIgniter\CodeIgniter->run()
#9 {main}
