CRITICAL - 2022-05-04 02:04:27 --> There is no data to update.
#0 D:\wamp64\www\webppi\system\BaseModel.php(1574): CodeIgniter\Database\Exceptions\DataException::forEmptyDataset('update')
#1 D:\wamp64\www\webppi\system\BaseModel.php(832): CodeIgniter\BaseModel->transformDataToArray(NULL, 'update')
#2 D:\wamp64\www\webppi\system\Model.php(651): CodeIgniter\BaseModel->update(Array, NULL)
#3 D:\wamp64\www\webppi\app\Controllers\Register.php(732): CodeIgniter\Model->update(Array)
#4 D:\wamp64\www\webppi\system\CodeIgniter.php(832): App\Controllers\Register->ubahprofileproses()
#5 D:\wamp64\www\webppi\system\CodeIgniter.php(419): CodeIgniter\CodeIgniter->runController(Object(App\Controllers\Register))
#6 D:\wamp64\www\webppi\system\CodeIgniter.php(326): CodeIgniter\CodeIgniter->handleRequest(NULL, Object(Config\Cache), false)
#7 D:\wamp64\www\webppi\public\index.php(37): CodeIgniter\CodeIgniter->run()
#8 {main}
CRITICAL - 2022-05-04 02:18:00 --> The original file is not a valid file.
#0 D:\wamp64\www\webppi\system\HTTP\Files\UploadedFile.php(137): CodeIgniter\HTTP\Exceptions\HTTPException::forInvalidFile()
#1 D:\wamp64\www\webppi\app\Controllers\Register.php(697): CodeIgniter\HTTP\Files\UploadedFile->move('uploads/profilp...', '4_I Gde Dharma_...', true)
#2 D:\wamp64\www\webppi\system\CodeIgniter.php(832): App\Controllers\Register->ubahprofileproses()
#3 D:\wamp64\www\webppi\system\CodeIgniter.php(419): CodeIgniter\CodeIgniter->runController(Object(App\Controllers\Register))
#4 D:\wamp64\www\webppi\system\CodeIgniter.php(326): CodeIgniter\CodeIgniter->handleRequest(NULL, Object(Config\Cache), false)
#5 D:\wamp64\www\webppi\public\index.php(37): CodeIgniter\CodeIgniter->run()
#6 {main}
CRITICAL - 2022-05-04 19:39:11 --> syntax error, unexpected '('
#0 D:\wamp64\www\webppi\system\Router\Router.php(175): CodeIgniter\Router\Router->autoRoute('register')
#1 D:\wamp64\www\webppi\system\CodeIgniter.php(726): CodeIgniter\Router\Router->handle('register')
#2 D:\wamp64\www\webppi\system\CodeIgniter.php(368): CodeIgniter\CodeIgniter->tryToRouteIt(Object(CodeIgniter\Router\RouteCollection))
#3 D:\wamp64\www\webppi\system\CodeIgniter.php(326): CodeIgniter\CodeIgniter->handleRequest(NULL, Object(Config\Cache), false)
#4 D:\wamp64\www\webppi\public\index.php(37): CodeIgniter\CodeIgniter->run()
#5 {main}
CRITICAL - 2022-05-04 20:25:08 --> Invalid file: register/tambahpendivalid.php
#0 D:\wamp64\www\webppi\system\View\View.php(198): CodeIgniter\Exceptions\FrameworkException::forInvalidFile('register/tambah...')
#1 D:\wamp64\www\webppi\system\Common.php(1089): CodeIgniter\View\View->render('register/tambah...', Array, true)
#2 D:\wamp64\www\webppi\app\Controllers\Register.php(940): view('register/tambah...', Array)
#3 D:\wamp64\www\webppi\system\CodeIgniter.php(832): App\Controllers\Register->tambahpendproses()
#4 D:\wamp64\www\webppi\system\CodeIgniter.php(419): CodeIgniter\CodeIgniter->runController(Object(App\Controllers\Register))
#5 D:\wamp64\www\webppi\system\CodeIgniter.php(326): CodeIgniter\CodeIgniter->handleRequest(NULL, Object(Config\Cache), false)
#6 D:\wamp64\www\webppi\public\index.php(37): CodeIgniter\CodeIgniter->run()
#7 {main}
CRITICAL - 2022-05-04 20:36:23 --> Call to a member function move() on null
#0 D:\wamp64\www\webppi\system\CodeIgniter.php(832): App\Controllers\Register->tambahpendproses()
#1 D:\wamp64\www\webppi\system\CodeIgniter.php(419): CodeIgniter\CodeIgniter->runController(Object(App\Controllers\Register))
#2 D:\wamp64\www\webppi\system\CodeIgniter.php(326): CodeIgniter\CodeIgniter->handleRequest(NULL, Object(Config\Cache), false)
#3 D:\wamp64\www\webppi\public\index.php(37): CodeIgniter\CodeIgniter->run()
#4 {main}
