CRITICAL - 2022-11-29 07:14:08 --> Too few arguments to function App\Controllers\Manbimbing::lihatnilai(), 2 passed in D:\wamp64\www\webppi\system\CodeIgniter.php on line 832 and exactly 3 expected
#0 D:\wamp64\www\webppi\system\CodeIgniter.php(832): App\Controllers\Manbimbing->lihatnilai('4', '1')
#1 D:\wamp64\www\webppi\system\CodeIgniter.php(419): CodeIgniter\CodeIgniter->runController(Object(App\Controllers\Manbimbing))
#2 D:\wamp64\www\webppi\system\CodeIgniter.php(326): CodeIgniter\CodeIgniter->handleRequest(NULL, Object(Config\Cache), false)
#3 D:\wamp64\www\webppi\public\index.php(37): CodeIgniter\CodeIgniter->run()
#4 {main}
CRITICAL - 2022-11-29 07:17:12 --> Too few arguments to function App\Controllers\Manbimbing::lihatnilai(), 2 passed in D:\wamp64\www\webppi\system\CodeIgniter.php on line 832 and exactly 3 expected
#0 D:\wamp64\www\webppi\system\CodeIgniter.php(832): App\Controllers\Manbimbing->lihatnilai('4', '1')
#1 D:\wamp64\www\webppi\system\CodeIgniter.php(419): CodeIgniter\CodeIgniter->runController(Object(App\Controllers\Manbimbing))
#2 D:\wamp64\www\webppi\system\CodeIgniter.php(326): CodeIgniter\CodeIgniter->handleRequest(NULL, Object(Config\Cache), false)
#3 D:\wamp64\www\webppi\public\index.php(37): CodeIgniter\CodeIgniter->run()
#4 {main}
ERROR - 2022-11-29 11:41:06 --> Unknown column 'tbl_provile.user_id' in 'on clause'
CRITICAL - 2022-11-29 11:41:06 --> Unknown column 'tbl_provile.user_id' in 'on clause'
#0 D:\wamp64\www\webppi\system\Database\MySQLi\Connection.php(292): mysqli->query('SELECT *\nFROM `...', 0)
#1 D:\wamp64\www\webppi\system\Database\BaseConnection.php(670): CodeIgniter\Database\MySQLi\Connection->execute('SELECT *\nFROM `...')
#2 D:\wamp64\www\webppi\system\Database\BaseConnection.php(598): CodeIgniter\Database\BaseConnection->simpleQuery('SELECT *\nFROM `...')
#3 D:\wamp64\www\webppi\system\Database\BaseBuilder.php(1455): CodeIgniter\Database\BaseConnection->query('SELECT *\nFROM `...', Array, false)
#4 D:\wamp64\www\webppi\system\Model.php(183): CodeIgniter\Database\BaseBuilder->get()
#5 D:\wamp64\www\webppi\system\BaseModel.php(584): CodeIgniter\Model->doFindAll(0, 0)
#6 D:\wamp64\www\webppi\app\Controllers\Tugasakhir.php(477): CodeIgniter\BaseModel->findAll()
#7 D:\wamp64\www\webppi\system\CodeIgniter.php(832): App\Controllers\Tugasakhir->nilai('4')
#8 D:\wamp64\www\webppi\system\CodeIgniter.php(419): CodeIgniter\CodeIgniter->runController(Object(App\Controllers\Tugasakhir))
#9 D:\wamp64\www\webppi\system\CodeIgniter.php(326): CodeIgniter\CodeIgniter->handleRequest(NULL, Object(Config\Cache), false)
#10 D:\wamp64\www\webppi\public\index.php(37): CodeIgniter\CodeIgniter->run()
#11 {main}
CRITICAL - 2022-11-29 12:18:24 --> Undefined index: uji_id
#0 D:\wamp64\www\webppi\app\Views\maintemp\manpenguji.php(55): CodeIgniter\Debug\Exceptions->errorHandler(8, 'Undefined index...', 'D:\\wamp64\\www\\w...', 55, Array)
#1 D:\wamp64\www\webppi\system\View\View.php(210): include('D:\\wamp64\\www\\w...')
#2 D:\wamp64\www\webppi\system\View\View.php(213): CodeIgniter\View\View->CodeIgniter\View\{closure}()
#3 D:\wamp64\www\webppi\system\Common.php(1089): CodeIgniter\View\View->render('maintemp/manpen...', Array, true)
#4 D:\wamp64\www\webppi\app\Controllers\Mantugasakhir.php(184): view('maintemp/manpen...', Array)
#5 D:\wamp64\www\webppi\system\CodeIgniter.php(832): App\Controllers\Mantugasakhir->setpenguji('4', '4')
#6 D:\wamp64\www\webppi\system\CodeIgniter.php(419): CodeIgniter\CodeIgniter->runController(Object(App\Controllers\Mantugasakhir))
#7 D:\wamp64\www\webppi\system\CodeIgniter.php(326): CodeIgniter\CodeIgniter->handleRequest(NULL, Object(Config\Cache), false)
#8 D:\wamp64\www\webppi\public\index.php(37): CodeIgniter\CodeIgniter->run()
#9 {main}
CRITICAL - 2022-11-29 13:33:13 --> Undefined variable: datata
#0 D:\wamp64\www\webppi\app\Controllers\Mantugasakhir.php(237): CodeIgniter\Debug\Exceptions->errorHandler(8, 'Undefined varia...', 'D:\\wamp64\\www\\w...', 237, Array)
#1 D:\wamp64\www\webppi\system\CodeIgniter.php(832): App\Controllers\Mantugasakhir->tambahujiproses()
#2 D:\wamp64\www\webppi\system\CodeIgniter.php(419): CodeIgniter\CodeIgniter->runController(Object(App\Controllers\Mantugasakhir))
#3 D:\wamp64\www\webppi\system\CodeIgniter.php(326): CodeIgniter\CodeIgniter->handleRequest(NULL, Object(Config\Cache), false)
#4 D:\wamp64\www\webppi\public\index.php(37): CodeIgniter\CodeIgniter->run()
#5 {main}
CRITICAL - 2022-11-29 13:33:37 --> Undefined variable: datata
#0 D:\wamp64\www\webppi\app\Controllers\Mantugasakhir.php(237): CodeIgniter\Debug\Exceptions->errorHandler(8, 'Undefined varia...', 'D:\\wamp64\\www\\w...', 237, Array)
#1 D:\wamp64\www\webppi\system\CodeIgniter.php(832): App\Controllers\Mantugasakhir->tambahujiproses()
#2 D:\wamp64\www\webppi\system\CodeIgniter.php(419): CodeIgniter\CodeIgniter->runController(Object(App\Controllers\Mantugasakhir))
#3 D:\wamp64\www\webppi\system\CodeIgniter.php(326): CodeIgniter\CodeIgniter->handleRequest(NULL, Object(Config\Cache), false)
#4 D:\wamp64\www\webppi\public\index.php(37): CodeIgniter\CodeIgniter->run()
#5 {main}
CRITICAL - 2022-11-29 13:47:08 --> Undefined variable: data_uji
#0 D:\wamp64\www\webppi\app\Views\maintemp\daftaradm.php(55): CodeIgniter\Debug\Exceptions->errorHandler(8, 'Undefined varia...', 'D:\\wamp64\\www\\w...', 55, Array)
#1 D:\wamp64\www\webppi\system\View\View.php(210): include('D:\\wamp64\\www\\w...')
#2 D:\wamp64\www\webppi\system\View\View.php(213): CodeIgniter\View\View->CodeIgniter\View\{closure}()
#3 D:\wamp64\www\webppi\system\Common.php(1089): CodeIgniter\View\View->render('maintemp/daftar...', Array, true)
#4 D:\wamp64\www\webppi\app\Controllers\Mantugasakhir.php(280): view('maintemp/daftar...', Array)
#5 D:\wamp64\www\webppi\system\CodeIgniter.php(832): App\Controllers\Mantugasakhir->admta('4', '4')
#6 D:\wamp64\www\webppi\system\CodeIgniter.php(419): CodeIgniter\CodeIgniter->runController(Object(App\Controllers\Mantugasakhir))
#7 D:\wamp64\www\webppi\system\CodeIgniter.php(326): CodeIgniter\CodeIgniter->handleRequest(NULL, Object(Config\Cache), false)
#8 D:\wamp64\www\webppi\public\index.php(37): CodeIgniter\CodeIgniter->run()
#9 {main}
CRITICAL - 2022-11-29 16:47:39 --> Undefined index: mhs_id
#0 D:\wamp64\www\webppi\app\Views\maintemp\ujipk.php(62): CodeIgniter\Debug\Exceptions->errorHandler(8, 'Undefined index...', 'D:\\wamp64\\www\\w...', 62, Array)
#1 D:\wamp64\www\webppi\system\View\View.php(210): include('D:\\wamp64\\www\\w...')
#2 D:\wamp64\www\webppi\system\View\View.php(213): CodeIgniter\View\View->CodeIgniter\View\{closure}()
#3 D:\wamp64\www\webppi\system\Common.php(1089): CodeIgniter\View\View->render('maintemp/ujipk', Array, true)
#4 D:\wamp64\www\webppi\app\Controllers\manujipk.php(37): view('maintemp/ujipk', Array)
#5 D:\wamp64\www\webppi\system\CodeIgniter.php(832): App\Controllers\Manujipk->index()
#6 D:\wamp64\www\webppi\system\CodeIgniter.php(419): CodeIgniter\CodeIgniter->runController(Object(App\Controllers\Manujipk))
#7 D:\wamp64\www\webppi\system\CodeIgniter.php(326): CodeIgniter\CodeIgniter->handleRequest(NULL, Object(Config\Cache), false)
#8 D:\wamp64\www\webppi\public\index.php(37): CodeIgniter\CodeIgniter->run()
#9 {main}
