CRITICAL - 2022-08-15 08:52:38 --> Undefined offset: -1
#0 D:\wamp64\www\webppi\app\Helpers\tanggal_helper.php(18): CodeIgniter\Debug\Exceptions->errorHandler(8, 'Undefined offse...', 'D:\\wamp64\\www\\w...', 18, Array)
#1 D:\wamp64\www\webppi\app\Views\maintemp\tugasakhir.php(66): format_indo(NULL)
#2 D:\wamp64\www\webppi\system\View\View.php(210): include('D:\\wamp64\\www\\w...')
#3 D:\wamp64\www\webppi\system\View\View.php(213): CodeIgniter\View\View->CodeIgniter\View\{closure}()
#4 D:\wamp64\www\webppi\system\Common.php(1089): CodeIgniter\View\View->render('maintemp/tugasa...', Array, true)
#5 D:\wamp64\www\webppi\app\Controllers\Tugasakhir.php(38): view('maintemp/tugasa...', Array)
#6 D:\wamp64\www\webppi\system\CodeIgniter.php(832): App\Controllers\Tugasakhir->index()
#7 D:\wamp64\www\webppi\system\CodeIgniter.php(419): CodeIgniter\CodeIgniter->runController(Object(App\Controllers\Tugasakhir))
#8 D:\wamp64\www\webppi\system\CodeIgniter.php(326): CodeIgniter\CodeIgniter->handleRequest(NULL, Object(Config\Cache), false)
#9 D:\wamp64\www\webppi\public\index.php(37): CodeIgniter\CodeIgniter->run()
#10 {main}
ERROR - 2022-08-15 01:46:30 --> Column 'user_id' in where clause is ambiguous
CRITICAL - 2022-08-15 01:46:30 --> Column 'user_id' in where clause is ambiguous
#0 D:\wamp64\www\webppi\system\Database\MySQLi\Connection.php(292): mysqli->query('SELECT *\nFROM `...', 0)
#1 D:\wamp64\www\webppi\system\Database\BaseConnection.php(670): CodeIgniter\Database\MySQLi\Connection->execute('SELECT *\nFROM `...')
#2 D:\wamp64\www\webppi\system\Database\BaseConnection.php(598): CodeIgniter\Database\BaseConnection->simpleQuery('SELECT *\nFROM `...')
#3 D:\wamp64\www\webppi\system\Database\BaseBuilder.php(1455): CodeIgniter\Database\BaseConnection->query('SELECT *\nFROM `...', Array, false)
#4 D:\wamp64\www\webppi\system\Model.php(183): CodeIgniter\Database\BaseBuilder->get()
#5 D:\wamp64\www\webppi\system\BaseModel.php(584): CodeIgniter\Model->doFindAll(0, 0)
#6 D:\wamp64\www\webppi\app\Controllers\Mantugasakhir.php(169): CodeIgniter\BaseModel->findAll()
#7 D:\wamp64\www\webppi\system\CodeIgniter.php(832): App\Controllers\Mantugasakhir->setpenguji('3', '12')
#8 D:\wamp64\www\webppi\system\CodeIgniter.php(419): CodeIgniter\CodeIgniter->runController(Object(App\Controllers\Mantugasakhir))
#9 D:\wamp64\www\webppi\system\CodeIgniter.php(326): CodeIgniter\CodeIgniter->handleRequest(NULL, Object(Config\Cache), false)
#10 D:\wamp64\www\webppi\public\index.php(37): CodeIgniter\CodeIgniter->run()
#11 {main}
