CRITICAL - 2025-01-02 16:05:44 --> Undefined variable: nilaikerja_r
#0 C:\wamp64\www\webppi\app\Views\maintemp\penk3lh.php(835): CodeIgniter\Debug\Exceptions->errorHandler(8, 'Undefined varia...', 'C:\\wamp64\\www\\w...', 835, Array)
#1 C:\wamp64\www\webppi\system\View\View.php(210): include('C:\\wamp64\\www\\w...')
#2 C:\wamp64\www\webppi\system\View\View.php(213): CodeIgniter\View\View->CodeIgniter\View\{closure}()
#3 C:\wamp64\www\webppi\system\Common.php(1089): CodeIgniter\View\View->render('maintemp/penk3l...', Array, true)
#4 C:\wamp64\www\webppi\app\Controllers\Mannilairpl.php(1472): view('maintemp/penk3l...', Array)
#5 C:\wamp64\www\webppi\system\CodeIgniter.php(832): App\Controllers\Mannilairpl->k3lh('377', '15')
#6 C:\wamp64\www\webppi\system\CodeIgniter.php(419): CodeIgniter\CodeIgniter->runController(Object(App\Controllers\Mannilairpl))
#7 C:\wamp64\www\webppi\system\CodeIgniter.php(326): CodeIgniter\CodeIgniter->handleRequest(NULL, Object(Config\Cache), false)
#8 C:\wamp64\www\webppi\public\index.php(37): CodeIgniter\CodeIgniter->run()
#9 {main}
CRITICAL - 2025-01-02 16:06:46 --> Undefined variable: nilaikerja_r
#0 C:\wamp64\www\webppi\app\Views\maintemp\penk3lh.php(835): CodeIgniter\Debug\Exceptions->errorHandler(8, 'Undefined varia...', 'C:\\wamp64\\www\\w...', 835, Array)
#1 C:\wamp64\www\webppi\system\View\View.php(210): include('C:\\wamp64\\www\\w...')
#2 C:\wamp64\www\webppi\system\View\View.php(213): CodeIgniter\View\View->CodeIgniter\View\{closure}()
#3 C:\wamp64\www\webppi\system\Common.php(1089): CodeIgniter\View\View->render('maintemp/penk3l...', Array, true)
#4 C:\wamp64\www\webppi\app\Controllers\Mannilairpl.php(1472): view('maintemp/penk3l...', Array)
#5 C:\wamp64\www\webppi\system\CodeIgniter.php(832): App\Controllers\Mannilairpl->k3lh('377', '15')
#6 C:\wamp64\www\webppi\system\CodeIgniter.php(419): CodeIgniter\CodeIgniter->runController(Object(App\Controllers\Mannilairpl))
#7 C:\wamp64\www\webppi\system\CodeIgniter.php(326): CodeIgniter\CodeIgniter->handleRequest(NULL, Object(Config\Cache), false)
#8 C:\wamp64\www\webppi\public\index.php(37): CodeIgniter\CodeIgniter->run()
#9 {main}
CRITICAL - 2025-01-02 20:15:44 --> Undefined index: ajukanfair
#0 D:\wamp64\www\webppi\app\Views\maintemp\peserta.php(133): CodeIgniter\Debug\Exceptions->errorHandler(8, 'Undefined index...', 'D:\\wamp64\\www\\w...', 133, Array)
#1 D:\wamp64\www\webppi\system\View\View.php(210): include('D:\\wamp64\\www\\w...')
#2 D:\wamp64\www\webppi\system\View\View.php(213): CodeIgniter\View\View->CodeIgniter\View\{closure}()
#3 D:\wamp64\www\webppi\system\Common.php(1089): CodeIgniter\View\View->render('maintemp/pesert...', Array, true)
#4 D:\wamp64\www\webppi\app\Controllers\Manpeserta.php(55): view('maintemp/pesert...', Array)
#5 D:\wamp64\www\webppi\system\CodeIgniter.php(832): App\Controllers\Manpeserta->index()
#6 D:\wamp64\www\webppi\system\CodeIgniter.php(419): CodeIgniter\CodeIgniter->runController(Object(App\Controllers\Manpeserta))
#7 D:\wamp64\www\webppi\system\CodeIgniter.php(326): CodeIgniter\CodeIgniter->handleRequest(NULL, Object(Config\Cache), false)
#8 D:\wamp64\www\webppi\public\index.php(37): CodeIgniter\CodeIgniter->run()
#9 {main}
CRITICAL - 2025-01-02 20:43:18 --> Undefined offset: 13
#0 D:\wamp64\www\webppi\app\Controllers\Mannilairpl.php(1604): CodeIgniter\Debug\Exceptions->errorHandler(8, 'Undefined offse...', 'D:\\wamp64\\www\\w...', 1604, Array)
#1 D:\wamp64\www\webppi\system\CodeIgniter.php(832): App\Controllers\Mannilairpl->k3lhsimpan()
#2 D:\wamp64\www\webppi\system\CodeIgniter.php(419): CodeIgniter\CodeIgniter->runController(Object(App\Controllers\Mannilairpl))
#3 D:\wamp64\www\webppi\system\CodeIgniter.php(326): CodeIgniter\CodeIgniter->handleRequest(NULL, Object(Config\Cache), false)
#4 D:\wamp64\www\webppi\public\index.php(37): CodeIgniter\CodeIgniter->run()
#5 {main}
ERROR - 2025-01-02 21:02:08 --> You have an error in your SQL syntax; check the manual that corresponds to your MySQL server version for the right syntax to use near '%.4.5.%')
ORDER BY `Year` DESC' at line 3
CRITICAL - 2025-01-02 21:02:08 --> You have an error in your SQL syntax; check the manual that corresponds to your MySQL server version for the right syntax to use near '%.4.5.%')
ORDER BY `Year` DESC' at line 3
#0 D:\wamp64\www\webppi\system\Database\MySQLi\Connection.php(292): mysqli->query('SELECT *\nFROM `...', 0)
#1 D:\wamp64\www\webppi\system\Database\BaseConnection.php(670): CodeIgniter\Database\MySQLi\Connection->execute('SELECT *\nFROM `...')
#2 D:\wamp64\www\webppi\system\Database\BaseConnection.php(598): CodeIgniter\Database\BaseConnection->simpleQuery('SELECT *\nFROM `...')
#3 D:\wamp64\www\webppi\system\Database\BaseBuilder.php(1455): CodeIgniter\Database\BaseConnection->query('SELECT *\nFROM `...', Array, false)
#4 D:\wamp64\www\webppi\system\Model.php(183): CodeIgniter\Database\BaseBuilder->get()
#5 D:\wamp64\www\webppi\system\BaseModel.php(584): CodeIgniter\Model->doFindAll(0, 0)
#6 D:\wamp64\www\webppi\app\Controllers\Mannilairpl.php(1651): CodeIgniter\BaseModel->findAll()
#7 D:\wamp64\www\webppi\system\CodeIgniter.php(832): App\Controllers\Mannilairpl->seminar('377', '15')
#8 D:\wamp64\www\webppi\system\CodeIgniter.php(419): CodeIgniter\CodeIgniter->runController(Object(App\Controllers\Mannilairpl))
#9 D:\wamp64\www\webppi\system\CodeIgniter.php(326): CodeIgniter\CodeIgniter->handleRequest(NULL, Object(Config\Cache), false)
#10 D:\wamp64\www\webppi\public\index.php(37): CodeIgniter\CodeIgniter->run()
#11 {main}
