CRITICAL - 2022-12-27 09:12:20 --> Array to string conversion
#0 D:\wamp64\www\webppi\app\Controllers\Manpeserta.php(468): CodeIgniter\Debug\Exceptions->errorHandler(8, 'Array to string...', 'D:\\wamp64\\www\\w...', 468, Array)
#1 D:\wamp64\www\webppi\system\CodeIgniter.php(832): App\Controllers\Manpeserta->prosesdosbing()
#2 D:\wamp64\www\webppi\system\CodeIgniter.php(419): CodeIgniter\CodeIgniter->runController(Object(App\Controllers\Manpeserta))
#3 D:\wamp64\www\webppi\system\CodeIgniter.php(326): CodeIgniter\CodeIgniter->handleRequest(NULL, Object(Config\Cache), false)
#4 D:\wamp64\www\webppi\public\index.php(37): CodeIgniter\CodeIgniter->run()
#5 {main}
CRITICAL - 2022-12-27 09:18:42 --> Undefined offset: 4
#0 D:\wamp64\www\webppi\app\Controllers\Nilairpl.php(150): CodeIgniter\Debug\Exceptions->errorHandler(8, 'Undefined offse...', 'D:\\wamp64\\www\\w...', 150, Array)
#1 D:\wamp64\www\webppi\system\CodeIgniter.php(832): App\Controllers\Nilairpl->kodeetiksimpan()
#2 D:\wamp64\www\webppi\system\CodeIgniter.php(419): CodeIgniter\CodeIgniter->runController(Object(App\Controllers\Nilairpl))
#3 D:\wamp64\www\webppi\system\CodeIgniter.php(326): CodeIgniter\CodeIgniter->handleRequest(NULL, Object(Config\Cache), false)
#4 D:\wamp64\www\webppi\public\index.php(37): CodeIgniter\CodeIgniter->run()
#5 {main}
CRITICAL - 2022-12-27 09:28:40 --> Cannot use [] for reading
#0 [internal function]: CodeIgniter\Debug\Exceptions->shutdownHandler()
#1 {main}
CRITICAL - 2022-12-27 09:28:47 --> Cannot use [] for reading
#0 [internal function]: CodeIgniter\Debug\Exceptions->shutdownHandler()
#1 {main}
CRITICAL - 2022-12-27 09:29:24 --> Undefined offset: 5
#0 D:\wamp64\www\webppi\app\Controllers\Nilairpl.php(150): CodeIgniter\Debug\Exceptions->errorHandler(8, 'Undefined offse...', 'D:\\wamp64\\www\\w...', 150, Array)
#1 D:\wamp64\www\webppi\system\CodeIgniter.php(832): App\Controllers\Nilairpl->kodeetiksimpan()
#2 D:\wamp64\www\webppi\system\CodeIgniter.php(419): CodeIgniter\CodeIgniter->runController(Object(App\Controllers\Nilairpl))
#3 D:\wamp64\www\webppi\system\CodeIgniter.php(326): CodeIgniter\CodeIgniter->handleRequest(NULL, Object(Config\Cache), false)
#4 D:\wamp64\www\webppi\public\index.php(37): CodeIgniter\CodeIgniter->run()
#5 {main}
CRITICAL - 2022-12-27 18:43:07 --> syntax error, unexpected '}'
#0 D:\wamp64\www\webppi\app\Controllers\Nilairpl.php(35): helper(Array)
#1 D:\wamp64\www\webppi\system\CodeIgniter.php(832): App\Controllers\Nilairpl->docs('17', '1')
#2 D:\wamp64\www\webppi\system\CodeIgniter.php(419): CodeIgniter\CodeIgniter->runController(Object(App\Controllers\Nilairpl))
#3 D:\wamp64\www\webppi\system\CodeIgniter.php(326): CodeIgniter\CodeIgniter->handleRequest(NULL, Object(Config\Cache), false)
#4 D:\wamp64\www\webppi\public\index.php(37): CodeIgniter\CodeIgniter->run()
#5 {main}
CRITICAL - 2022-12-27 19:08:50 --> Division by zero
#0 D:\wamp64\www\webppi\app\Views\maintemp\nilairpl.php(62): CodeIgniter\Debug\Exceptions->errorHandler(2, 'Division by zer...', 'D:\\wamp64\\www\\w...', 62, Array)
#1 D:\wamp64\www\webppi\system\View\View.php(210): include('D:\\wamp64\\www\\w...')
#2 D:\wamp64\www\webppi\system\View\View.php(213): CodeIgniter\View\View->CodeIgniter\View\{closure}()
#3 D:\wamp64\www\webppi\system\Common.php(1089): CodeIgniter\View\View->render('maintemp/nilair...', Array, true)
#4 D:\wamp64\www\webppi\app\Controllers\Nilairpl.php(129): view('maintemp/nilair...', Array)
#5 D:\wamp64\www\webppi\system\CodeIgniter.php(832): App\Controllers\Nilairpl->docs('17', '1')
#6 D:\wamp64\www\webppi\system\CodeIgniter.php(419): CodeIgniter\CodeIgniter->runController(Object(App\Controllers\Nilairpl))
#7 D:\wamp64\www\webppi\system\CodeIgniter.php(326): CodeIgniter\CodeIgniter->handleRequest(NULL, Object(Config\Cache), false)
#8 D:\wamp64\www\webppi\public\index.php(37): CodeIgniter\CodeIgniter->run()
#9 {main}
CRITICAL - 2022-12-27 19:40:30 --> Array to string conversion
#0 D:\wamp64\www\webppi\app\Controllers\Nilairpl.php(159): CodeIgniter\Debug\Exceptions->errorHandler(8, 'Array to string...', 'D:\\wamp64\\www\\w...', 159, Array)
#1 D:\wamp64\www\webppi\system\CodeIgniter.php(832): App\Controllers\Nilairpl->kodeetik('17', '1')
#2 D:\wamp64\www\webppi\system\CodeIgniter.php(419): CodeIgniter\CodeIgniter->runController(Object(App\Controllers\Nilairpl))
#3 D:\wamp64\www\webppi\system\CodeIgniter.php(326): CodeIgniter\CodeIgniter->handleRequest(NULL, Object(Config\Cache), false)
#4 D:\wamp64\www\webppi\public\index.php(37): CodeIgniter\CodeIgniter->run()
#5 {main}
CRITICAL - 2022-12-27 19:42:47 --> Undefined variable: jumlah_etik
#0 D:\wamp64\www\webppi\app\Views\maintemp\kodeetik.php(103): CodeIgniter\Debug\Exceptions->errorHandler(8, 'Undefined varia...', 'D:\\wamp64\\www\\w...', 103, Array)
#1 D:\wamp64\www\webppi\system\View\View.php(210): include('D:\\wamp64\\www\\w...')
#2 D:\wamp64\www\webppi\system\View\View.php(213): CodeIgniter\View\View->CodeIgniter\View\{closure}()
#3 D:\wamp64\www\webppi\system\Common.php(1089): CodeIgniter\View\View->render('maintemp/kodeet...', Array, true)
#4 D:\wamp64\www\webppi\app\Controllers\Nilairpl.php(212): view('maintemp/kodeet...', Array)
#5 D:\wamp64\www\webppi\system\CodeIgniter.php(832): App\Controllers\Nilairpl->kodeetik('17', '1')
#6 D:\wamp64\www\webppi\system\CodeIgniter.php(419): CodeIgniter\CodeIgniter->runController(Object(App\Controllers\Nilairpl))
#7 D:\wamp64\www\webppi\system\CodeIgniter.php(326): CodeIgniter\CodeIgniter->handleRequest(NULL, Object(Config\Cache), false)
#8 D:\wamp64\www\webppi\public\index.php(37): CodeIgniter\CodeIgniter->run()
#9 {main}
CRITICAL - 2022-12-27 19:47:52 --> Undefined variable: id22
#0 D:\wamp64\www\webppi\app\Controllers\Nilairpl.php(170): CodeIgniter\Debug\Exceptions->errorHandler(8, 'Undefined varia...', 'D:\\wamp64\\www\\w...', 170, Array)
#1 D:\wamp64\www\webppi\system\CodeIgniter.php(832): App\Controllers\Nilairpl->kodeetik('17', '1')
#2 D:\wamp64\www\webppi\system\CodeIgniter.php(419): CodeIgniter\CodeIgniter->runController(Object(App\Controllers\Nilairpl))
#3 D:\wamp64\www\webppi\system\CodeIgniter.php(326): CodeIgniter\CodeIgniter->handleRequest(NULL, Object(Config\Cache), false)
#4 D:\wamp64\www\webppi\public\index.php(37): CodeIgniter\CodeIgniter->run()
#5 {main}
CRITICAL - 2022-12-27 19:52:29 --> in_array() expects parameter 2 to be array, string given
#0 [internal function]: CodeIgniter\Debug\Exceptions->errorHandler(2, 'in_array() expe...', 'D:\\wamp64\\www\\w...', 143, Array)
#1 D:\wamp64\www\webppi\app\Views\maintemp\kodeetik.php(143): in_array('17', '')
#2 D:\wamp64\www\webppi\system\View\View.php(210): include('D:\\wamp64\\www\\w...')
#3 D:\wamp64\www\webppi\system\View\View.php(213): CodeIgniter\View\View->CodeIgniter\View\{closure}()
#4 D:\wamp64\www\webppi\system\Common.php(1089): CodeIgniter\View\View->render('maintemp/kodeet...', Array, true)
#5 D:\wamp64\www\webppi\app\Controllers\Nilairpl.php(248): view('maintemp/kodeet...', Array)
#6 D:\wamp64\www\webppi\system\CodeIgniter.php(832): App\Controllers\Nilairpl->kodeetik('17', '1')
#7 D:\wamp64\www\webppi\system\CodeIgniter.php(419): CodeIgniter\CodeIgniter->runController(Object(App\Controllers\Nilairpl))
#8 D:\wamp64\www\webppi\system\CodeIgniter.php(326): CodeIgniter\CodeIgniter->handleRequest(NULL, Object(Config\Cache), false)
#9 D:\wamp64\www\webppi\public\index.php(37): CodeIgniter\CodeIgniter->run()
#10 {main}
CRITICAL - 2022-12-27 19:56:08 --> Undefined variable: chekced
#0 D:\wamp64\www\webppi\app\Views\maintemp\kodeetik.php(625): CodeIgniter\Debug\Exceptions->errorHandler(8, 'Undefined varia...', 'D:\\wamp64\\www\\w...', 625, Array)
#1 D:\wamp64\www\webppi\system\View\View.php(210): include('D:\\wamp64\\www\\w...')
#2 D:\wamp64\www\webppi\system\View\View.php(213): CodeIgniter\View\View->CodeIgniter\View\{closure}()
#3 D:\wamp64\www\webppi\system\Common.php(1089): CodeIgniter\View\View->render('maintemp/kodeet...', Array, true)
#4 D:\wamp64\www\webppi\app\Controllers\Nilairpl.php(248): view('maintemp/kodeet...', Array)
#5 D:\wamp64\www\webppi\system\CodeIgniter.php(832): App\Controllers\Nilairpl->kodeetik('17', '1')
#6 D:\wamp64\www\webppi\system\CodeIgniter.php(419): CodeIgniter\CodeIgniter->runController(Object(App\Controllers\Nilairpl))
#7 D:\wamp64\www\webppi\system\CodeIgniter.php(326): CodeIgniter\CodeIgniter->handleRequest(NULL, Object(Config\Cache), false)
#8 D:\wamp64\www\webppi\public\index.php(37): CodeIgniter\CodeIgniter->run()
#9 {main}
CRITICAL - 2022-12-27 21:14:31 --> Array to string conversion
#0 D:\wamp64\www\webppi\app\Views\maintemp\penprofesi.php(628): CodeIgniter\Debug\Exceptions->errorHandler(8, 'Array to string...', 'D:\\wamp64\\www\\w...', 628, Array)
#1 D:\wamp64\www\webppi\system\View\View.php(210): include('D:\\wamp64\\www\\w...')
#2 D:\wamp64\www\webppi\system\View\View.php(213): CodeIgniter\View\View->CodeIgniter\View\{closure}()
#3 D:\wamp64\www\webppi\system\Common.php(1089): CodeIgniter\View\View->render('maintemp/penpro...', Array, true)
#4 D:\wamp64\www\webppi\app\Controllers\Mannilairpl.php(613): view('maintemp/penpro...', Array)
#5 D:\wamp64\www\webppi\system\CodeIgniter.php(832): App\Controllers\Mannilairpl->profesi('4', '1')
#6 D:\wamp64\www\webppi\system\CodeIgniter.php(419): CodeIgniter\CodeIgniter->runController(Object(App\Controllers\Mannilairpl))
#7 D:\wamp64\www\webppi\system\CodeIgniter.php(326): CodeIgniter\CodeIgniter->handleRequest(NULL, Object(Config\Cache), false)
#8 D:\wamp64\www\webppi\public\index.php(37): CodeIgniter\CodeIgniter->run()
#9 {main}
CRITICAL - 2022-12-27 21:15:19 --> Array to string conversion
#0 D:\wamp64\www\webppi\app\Views\maintemp\penprofesi.php(628): CodeIgniter\Debug\Exceptions->errorHandler(8, 'Array to string...', 'D:\\wamp64\\www\\w...', 628, Array)
#1 D:\wamp64\www\webppi\system\View\View.php(210): include('D:\\wamp64\\www\\w...')
#2 D:\wamp64\www\webppi\system\View\View.php(213): CodeIgniter\View\View->CodeIgniter\View\{closure}()
#3 D:\wamp64\www\webppi\system\Common.php(1089): CodeIgniter\View\View->render('maintemp/penpro...', Array, true)
#4 D:\wamp64\www\webppi\app\Controllers\Mannilairpl.php(613): view('maintemp/penpro...', Array)
#5 D:\wamp64\www\webppi\system\CodeIgniter.php(832): App\Controllers\Mannilairpl->profesi('4', '1')
#6 D:\wamp64\www\webppi\system\CodeIgniter.php(419): CodeIgniter\CodeIgniter->runController(Object(App\Controllers\Mannilairpl))
#7 D:\wamp64\www\webppi\system\CodeIgniter.php(326): CodeIgniter\CodeIgniter->handleRequest(NULL, Object(Config\Cache), false)
#8 D:\wamp64\www\webppi\public\index.php(37): CodeIgniter\CodeIgniter->run()
#9 {main}
CRITICAL - 2022-12-27 21:16:53 --> Array to string conversion
#0 D:\wamp64\www\webppi\app\Views\maintemp\k3lh.php(62): CodeIgniter\Debug\Exceptions->errorHandler(8, 'Array to string...', 'D:\\wamp64\\www\\w...', 62, Array)
#1 D:\wamp64\www\webppi\system\View\View.php(210): include('D:\\wamp64\\www\\w...')
#2 D:\wamp64\www\webppi\system\View\View.php(213): CodeIgniter\View\View->CodeIgniter\View\{closure}()
#3 D:\wamp64\www\webppi\system\Common.php(1089): CodeIgniter\View\View->render('maintemp/k3lh', Array, true)
#4 D:\wamp64\www\webppi\app\Controllers\Nilairpl.php(920): view('maintemp/k3lh', Array)
#5 D:\wamp64\www\webppi\system\CodeIgniter.php(832): App\Controllers\Nilairpl->k3lh('17', '1')
#6 D:\wamp64\www\webppi\system\CodeIgniter.php(419): CodeIgniter\CodeIgniter->runController(Object(App\Controllers\Nilairpl))
#7 D:\wamp64\www\webppi\system\CodeIgniter.php(326): CodeIgniter\CodeIgniter->handleRequest(NULL, Object(Config\Cache), false)
#8 D:\wamp64\www\webppi\public\index.php(37): CodeIgniter\CodeIgniter->run()
#9 {main}
CRITICAL - 2022-12-27 21:17:55 --> Undefined variable: id15
#0 D:\wamp64\www\webppi\app\Controllers\Nilairpl.php(1543): CodeIgniter\Debug\Exceptions->errorHandler(8, 'Undefined varia...', 'D:\\wamp64\\www\\w...', 1543, Array)
#1 D:\wamp64\www\webppi\system\CodeIgniter.php(832): App\Controllers\Nilairpl->studikasus('17', '1')
#2 D:\wamp64\www\webppi\system\CodeIgniter.php(419): CodeIgniter\CodeIgniter->runController(Object(App\Controllers\Nilairpl))
#3 D:\wamp64\www\webppi\system\CodeIgniter.php(326): CodeIgniter\CodeIgniter->handleRequest(NULL, Object(Config\Cache), false)
#4 D:\wamp64\www\webppi\public\index.php(37): CodeIgniter\CodeIgniter->run()
#5 {main}
CRITICAL - 2022-12-27 21:18:33 --> Undefined variable: id15
#0 D:\wamp64\www\webppi\app\Controllers\Nilairpl.php(1543): CodeIgniter\Debug\Exceptions->errorHandler(8, 'Undefined varia...', 'D:\\wamp64\\www\\w...', 1543, Array)
#1 D:\wamp64\www\webppi\system\CodeIgniter.php(832): App\Controllers\Nilairpl->studikasus('17', '1')
#2 D:\wamp64\www\webppi\system\CodeIgniter.php(419): CodeIgniter\CodeIgniter->runController(Object(App\Controllers\Nilairpl))
#3 D:\wamp64\www\webppi\system\CodeIgniter.php(326): CodeIgniter\CodeIgniter->handleRequest(NULL, Object(Config\Cache), false)
#4 D:\wamp64\www\webppi\public\index.php(37): CodeIgniter\CodeIgniter->run()
#5 {main}
CRITICAL - 2022-12-27 21:18:36 --> Undefined variable: id15
#0 D:\wamp64\www\webppi\app\Controllers\Nilairpl.php(1543): CodeIgniter\Debug\Exceptions->errorHandler(8, 'Undefined varia...', 'D:\\wamp64\\www\\w...', 1543, Array)
#1 D:\wamp64\www\webppi\system\CodeIgniter.php(832): App\Controllers\Nilairpl->studikasus('17', '1')
#2 D:\wamp64\www\webppi\system\CodeIgniter.php(419): CodeIgniter\CodeIgniter->runController(Object(App\Controllers\Nilairpl))
#3 D:\wamp64\www\webppi\system\CodeIgniter.php(326): CodeIgniter\CodeIgniter->handleRequest(NULL, Object(Config\Cache), false)
#4 D:\wamp64\www\webppi\public\index.php(37): CodeIgniter\CodeIgniter->run()
#5 {main}
CRITICAL - 2022-12-27 21:20:05 --> Array to string conversion
#0 D:\wamp64\www\webppi\app\Views\maintemp\seminar.php(193): CodeIgniter\Debug\Exceptions->errorHandler(8, 'Array to string...', 'D:\\wamp64\\www\\w...', 193, Array)
#1 D:\wamp64\www\webppi\system\View\View.php(210): include('D:\\wamp64\\www\\w...')
#2 D:\wamp64\www\webppi\system\View\View.php(213): CodeIgniter\View\View->CodeIgniter\View\{closure}()
#3 D:\wamp64\www\webppi\system\Common.php(1089): CodeIgniter\View\View->render('maintemp/semina...', Array, true)
#4 D:\wamp64\www\webppi\app\Controllers\Nilairpl.php(1182): view('maintemp/semina...', Array)
#5 D:\wamp64\www\webppi\system\CodeIgniter.php(832): App\Controllers\Nilairpl->seminar('17', '1')
#6 D:\wamp64\www\webppi\system\CodeIgniter.php(419): CodeIgniter\CodeIgniter->runController(Object(App\Controllers\Nilairpl))
#7 D:\wamp64\www\webppi\system\CodeIgniter.php(326): CodeIgniter\CodeIgniter->handleRequest(NULL, Object(Config\Cache), false)
#8 D:\wamp64\www\webppi\public\index.php(37): CodeIgniter\CodeIgniter->run()
#9 {main}
CRITICAL - 2022-12-27 21:21:18 --> Undefined variable: id15
#0 D:\wamp64\www\webppi\app\Controllers\Mannilairpl.php(1569): CodeIgniter\Debug\Exceptions->errorHandler(8, 'Undefined varia...', 'D:\\wamp64\\www\\w...', 1569, Array)
#1 D:\wamp64\www\webppi\system\CodeIgniter.php(832): App\Controllers\Mannilairpl->studikasus('4', '1')
#2 D:\wamp64\www\webppi\system\CodeIgniter.php(419): CodeIgniter\CodeIgniter->runController(Object(App\Controllers\Mannilairpl))
#3 D:\wamp64\www\webppi\system\CodeIgniter.php(326): CodeIgniter\CodeIgniter->handleRequest(NULL, Object(Config\Cache), false)
#4 D:\wamp64\www\webppi\public\index.php(37): CodeIgniter\CodeIgniter->run()
#5 {main}
